<?xml version="1.0" encoding="UTF-8"?>
<robot generator="Robot 6.0.2 (Python 3.9.8 on win32)" generated="20231101 11:17:23.984" rpa="false" schemaversion="3">
<suite id="s1" name="Assignment" source="C:\Users\jeeva\OneDrive\Desktop\Assignment\Assignment.robot">
<test id="s1-t1" name="Test" line="87">
<kw name="Update Table Data">
<kw name="Open Browser" library="Selenium2Library">
<arg>https://testpages.herokuapp.com/styled/tag/dynamic-table.html</arg>
<arg>chrome</arg>
<doc>Opens a new browser instance to the optional ``url``.</doc>
<msg timestamp="20231101 11:17:24.687" level="INFO">Opening browser 'chrome' to base url 'https://testpages.herokuapp.com/styled/tag/dynamic-table.html'.</msg>
<status status="PASS" starttime="20231101 11:17:24.687" endtime="20231101 11:17:26.840"/>
</kw>
<kw name="Click Element" library="Selenium2Library">
<arg>//summary</arg>
<doc>Click the element identified by ``locator``.</doc>
<msg timestamp="20231101 11:17:26.842" level="INFO">Clicking element '//summary'.</msg>
<status status="PASS" starttime="20231101 11:17:26.840" endtime="20231101 11:17:26.920"/>
</kw>
<kw name="Input Text" library="Selenium2Library">
<arg>jsondata</arg>
<arg>${jsondata}</arg>
<doc>Types the given ``text`` into the text field identified by ``locator``.</doc>
<msg timestamp="20231101 11:17:26.920" level="INFO">Typing text '[{ "name": "Bob", "age": 20, "gender": "male" }, { "name": "George", "age": 42, "gender": "male" }, { "name": "Sandra", "age": 43, "gender": "female" }, { "name": "Barbara", "age": 21, "gender": "female" }, { "name": "Tom", "age": 45, "gender": "male" }, { "name": "Phil", "age": 49, "gender": "male" }]' into text field 'jsondata'.</msg>
<status status="PASS" starttime="20231101 11:17:26.920" endtime="20231101 11:17:27.299"/>
</kw>
<kw name="Click Element" library="Selenium2Library">
<arg>refreshtable</arg>
<doc>Click the element identified by ``locator``.</doc>
<msg timestamp="20231101 11:17:27.300" level="INFO">Clicking element 'refreshtable'.</msg>
<status status="PASS" starttime="20231101 11:17:27.300" endtime="20231101 11:17:27.355"/>
</kw>
<status status="PASS" starttime="20231101 11:17:24.687" endtime="20231101 11:17:27.355"/>
</kw>
<kw name="Get Table Data">
<kw name="Get Element Count" library="Selenium2Library">
<var>${rowCount}</var>
<arg>//table[@id='dynamictable']//tr</arg>
<doc>Returns the number of elements matching ``locator``.</doc>
<msg timestamp="20231101 11:17:27.371" level="INFO">${rowCount} = 7</msg>
<status status="PASS" starttime="20231101 11:17:27.355" endtime="20231101 11:17:27.371"/>
</kw>
<for flavor="IN RANGE">
<var>${i}</var>
<value>2</value>
<value>${rowCount}+1</value>
<iter>
<var name="${i}">2</var>
<kw name="Get Text" library="Selenium2Library">
<var>${name}</var>
<arg>//table[@id='dynamictable']//tr[${i}]/td[1]</arg>
<doc>Returns the text value of the element identified by ``locator``.</doc>
<msg timestamp="20231101 11:17:27.397" level="INFO">${name} = Bob</msg>
<status status="PASS" starttime="20231101 11:17:27.372" endtime="20231101 11:17:27.397"/>
</kw>
<kw name="Get Text" library="Selenium2Library">
<var>${age}</var>
<arg>//table[@id='dynamictable']//tr[${i}]/td[2]</arg>
<doc>Returns the text value of the element identified by ``locator``.</doc>
<msg timestamp="20231101 11:17:27.415" level="INFO">${age} = 20</msg>
<status status="PASS" starttime="20231101 11:17:27.398" endtime="20231101 11:17:27.415"/>
</kw>
<kw name="Get Text" library="Selenium2Library">
<var>${gender}</var>
<arg>//table[@id='dynamictable']//tr[${i}]/td[3]</arg>
<doc>Returns the text value of the element identified by ``locator``.</doc>
<msg timestamp="20231101 11:17:27.431" level="INFO">${gender} = male</msg>
<status status="PASS" starttime="20231101 11:17:27.415" endtime="20231101 11:17:27.431"/>
</kw>
<kw name="Create Dictionary" library="BuiltIn">
<var>${temp_result}</var>
<arg>name=${name}</arg>
<arg>age=${age}</arg>
<arg>gender=${gender}</arg>
<doc>Creates and returns a dictionary based on the given ``items``.</doc>
<msg timestamp="20231101 11:17:27.431" level="INFO">${temp_result} = {'name': 'Bob', 'age': '20', 'gender': 'male'}</msg>
<status status="PASS" starttime="20231101 11:17:27.431" endtime="20231101 11:17:27.431"/>
</kw>
<kw name="Append To List" library="Collections">
<arg>${actual_result}</arg>
<arg>${temp_result}</arg>
<doc>Adds ``values`` to the end of ``list``.</doc>
<status status="PASS" starttime="20231101 11:17:27.431" endtime="20231101 11:17:27.431"/>
</kw>
<status status="PASS" starttime="20231101 11:17:27.372" endtime="20231101 11:17:27.431"/>
</iter>
<iter>
<var name="${i}">3</var>
<kw name="Get Text" library="Selenium2Library">
<var>${name}</var>
<arg>//table[@id='dynamictable']//tr[${i}]/td[1]</arg>
<doc>Returns the text value of the element identified by ``locator``.</doc>
<msg timestamp="20231101 11:17:27.446" level="INFO">${name} = George</msg>
<status status="PASS" starttime="20231101 11:17:27.431" endtime="20231101 11:17:27.446"/>
</kw>
<kw name="Get Text" library="Selenium2Library">
<var>${age}</var>
<arg>//table[@id='dynamictable']//tr[${i}]/td[2]</arg>
<doc>Returns the text value of the element identified by ``locator``.</doc>
<msg timestamp="20231101 11:17:27.462" level="INFO">${age} = 42</msg>
<status status="PASS" starttime="20231101 11:17:27.446" endtime="20231101 11:17:27.462"/>
</kw>
<kw name="Get Text" library="Selenium2Library">
<var>${gender}</var>
<arg>//table[@id='dynamictable']//tr[${i}]/td[3]</arg>
<doc>Returns the text value of the element identified by ``locator``.</doc>
<msg timestamp="20231101 11:17:27.478" level="INFO">${gender} = male</msg>
<status status="PASS" starttime="20231101 11:17:27.462" endtime="20231101 11:17:27.478"/>
</kw>
<kw name="Create Dictionary" library="BuiltIn">
<var>${temp_result}</var>
<arg>name=${name}</arg>
<arg>age=${age}</arg>
<arg>gender=${gender}</arg>
<doc>Creates and returns a dictionary based on the given ``items``.</doc>
<msg timestamp="20231101 11:17:27.478" level="INFO">${temp_result} = {'name': 'George', 'age': '42', 'gender': 'male'}</msg>
<status status="PASS" starttime="20231101 11:17:27.478" endtime="20231101 11:17:27.478"/>
</kw>
<kw name="Append To List" library="Collections">
<arg>${actual_result}</arg>
<arg>${temp_result}</arg>
<doc>Adds ``values`` to the end of ``list``.</doc>
<status status="PASS" starttime="20231101 11:17:27.478" endtime="20231101 11:17:27.478"/>
</kw>
<status status="PASS" starttime="20231101 11:17:27.431" endtime="20231101 11:17:27.478"/>
</iter>
<iter>
<var name="${i}">4</var>
<kw name="Get Text" library="Selenium2Library">
<var>${name}</var>
<arg>//table[@id='dynamictable']//tr[${i}]/td[1]</arg>
<doc>Returns the text value of the element identified by ``locator``.</doc>
<msg timestamp="20231101 11:17:27.509" level="INFO">${name} = Sandra</msg>
<status status="PASS" starttime="20231101 11:17:27.478" endtime="20231101 11:17:27.509"/>
</kw>
<kw name="Get Text" library="Selenium2Library">
<var>${age}</var>
<arg>//table[@id='dynamictable']//tr[${i}]/td[2]</arg>
<doc>Returns the text value of the element identified by ``locator``.</doc>
<msg timestamp="20231101 11:17:27.525" level="INFO">${age} = 43</msg>
<status status="PASS" starttime="20231101 11:17:27.509" endtime="20231101 11:17:27.525"/>
</kw>
<kw name="Get Text" library="Selenium2Library">
<var>${gender}</var>
<arg>//table[@id='dynamictable']//tr[${i}]/td[3]</arg>
<doc>Returns the text value of the element identified by ``locator``.</doc>
<msg timestamp="20231101 11:17:27.540" level="INFO">${gender} = female</msg>
<status status="PASS" starttime="20231101 11:17:27.525" endtime="20231101 11:17:27.540"/>
</kw>
<kw name="Create Dictionary" library="BuiltIn">
<var>${temp_result}</var>
<arg>name=${name}</arg>
<arg>age=${age}</arg>
<arg>gender=${gender}</arg>
<doc>Creates and returns a dictionary based on the given ``items``.</doc>
<msg timestamp="20231101 11:17:27.540" level="INFO">${temp_result} = {'name': 'Sandra', 'age': '43', 'gender': 'female'}</msg>
<status status="PASS" starttime="20231101 11:17:27.540" endtime="20231101 11:17:27.540"/>
</kw>
<kw name="Append To List" library="Collections">
<arg>${actual_result}</arg>
<arg>${temp_result}</arg>
<doc>Adds ``values`` to the end of ``list``.</doc>
<status status="PASS" starttime="20231101 11:17:27.540" endtime="20231101 11:17:27.540"/>
</kw>
<status status="PASS" starttime="20231101 11:17:27.478" endtime="20231101 11:17:27.540"/>
</iter>
<iter>
<var name="${i}">5</var>
<kw name="Get Text" library="Selenium2Library">
<var>${name}</var>
<arg>//table[@id='dynamictable']//tr[${i}]/td[1]</arg>
<doc>Returns the text value of the element identified by ``locator``.</doc>
<msg timestamp="20231101 11:17:27.556" level="INFO">${name} = Barbara</msg>
<status status="PASS" starttime="20231101 11:17:27.540" endtime="20231101 11:17:27.556"/>
</kw>
<kw name="Get Text" library="Selenium2Library">
<var>${age}</var>
<arg>//table[@id='dynamictable']//tr[${i}]/td[2]</arg>
<doc>Returns the text value of the element identified by ``locator``.</doc>
<msg timestamp="20231101 11:17:27.587" level="INFO">${age} = 21</msg>
<status status="PASS" starttime="20231101 11:17:27.556" endtime="20231101 11:17:27.587"/>
</kw>
<kw name="Get Text" library="Selenium2Library">
<var>${gender}</var>
<arg>//table[@id='dynamictable']//tr[${i}]/td[3]</arg>
<doc>Returns the text value of the element identified by ``locator``.</doc>
<msg timestamp="20231101 11:17:27.603" level="INFO">${gender} = female</msg>
<status status="PASS" starttime="20231101 11:17:27.587" endtime="20231101 11:17:27.603"/>
</kw>
<kw name="Create Dictionary" library="BuiltIn">
<var>${temp_result}</var>
<arg>name=${name}</arg>
<arg>age=${age}</arg>
<arg>gender=${gender}</arg>
<doc>Creates and returns a dictionary based on the given ``items``.</doc>
<msg timestamp="20231101 11:17:27.603" level="INFO">${temp_result} = {'name': 'Barbara', 'age': '21', 'gender': 'female'}</msg>
<status status="PASS" starttime="20231101 11:17:27.603" endtime="20231101 11:17:27.603"/>
</kw>
<kw name="Append To List" library="Collections">
<arg>${actual_result}</arg>
<arg>${temp_result}</arg>
<doc>Adds ``values`` to the end of ``list``.</doc>
<status status="PASS" starttime="20231101 11:17:27.603" endtime="20231101 11:17:27.603"/>
</kw>
<status status="PASS" starttime="20231101 11:17:27.540" endtime="20231101 11:17:27.603"/>
</iter>
<iter>
<var name="${i}">6</var>
<kw name="Get Text" library="Selenium2Library">
<var>${name}</var>
<arg>//table[@id='dynamictable']//tr[${i}]/td[1]</arg>
<doc>Returns the text value of the element identified by ``locator``.</doc>
<msg timestamp="20231101 11:17:27.618" level="INFO">${name} = Tom</msg>
<status status="PASS" starttime="20231101 11:17:27.603" endtime="20231101 11:17:27.618"/>
</kw>
<kw name="Get Text" library="Selenium2Library">
<var>${age}</var>
<arg>//table[@id='dynamictable']//tr[${i}]/td[2]</arg>
<doc>Returns the text value of the element identified by ``locator``.</doc>
<msg timestamp="20231101 11:17:27.634" level="INFO">${age} = 45</msg>
<status status="PASS" starttime="20231101 11:17:27.618" endtime="20231101 11:17:27.634"/>
</kw>
<kw name="Get Text" library="Selenium2Library">
<var>${gender}</var>
<arg>//table[@id='dynamictable']//tr[${i}]/td[3]</arg>
<doc>Returns the text value of the element identified by ``locator``.</doc>
<msg timestamp="20231101 11:17:27.650" level="INFO">${gender} = male</msg>
<status status="PASS" starttime="20231101 11:17:27.634" endtime="20231101 11:17:27.650"/>
</kw>
<kw name="Create Dictionary" library="BuiltIn">
<var>${temp_result}</var>
<arg>name=${name}</arg>
<arg>age=${age}</arg>
<arg>gender=${gender}</arg>
<doc>Creates and returns a dictionary based on the given ``items``.</doc>
<msg timestamp="20231101 11:17:27.650" level="INFO">${temp_result} = {'name': 'Tom', 'age': '45', 'gender': 'male'}</msg>
<status status="PASS" starttime="20231101 11:17:27.650" endtime="20231101 11:17:27.650"/>
</kw>
<kw name="Append To List" library="Collections">
<arg>${actual_result}</arg>
<arg>${temp_result}</arg>
<doc>Adds ``values`` to the end of ``list``.</doc>
<status status="PASS" starttime="20231101 11:17:27.650" endtime="20231101 11:17:27.650"/>
</kw>
<status status="PASS" starttime="20231101 11:17:27.603" endtime="20231101 11:17:27.650"/>
</iter>
<iter>
<var name="${i}">7</var>
<kw name="Get Text" library="Selenium2Library">
<var>${name}</var>
<arg>//table[@id='dynamictable']//tr[${i}]/td[1]</arg>
<doc>Returns the text value of the element identified by ``locator``.</doc>
<msg timestamp="20231101 11:17:27.681" level="INFO">${name} = Phil</msg>
<status status="PASS" starttime="20231101 11:17:27.650" endtime="20231101 11:17:27.681"/>
</kw>
<kw name="Get Text" library="Selenium2Library">
<var>${age}</var>
<arg>//table[@id='dynamictable']//tr[${i}]/td[2]</arg>
<doc>Returns the text value of the element identified by ``locator``.</doc>
<msg timestamp="20231101 11:17:27.696" level="INFO">${age} = 49</msg>
<status status="PASS" starttime="20231101 11:17:27.681" endtime="20231101 11:17:27.696"/>
</kw>
<kw name="Get Text" library="Selenium2Library">
<var>${gender}</var>
<arg>//table[@id='dynamictable']//tr[${i}]/td[3]</arg>
<doc>Returns the text value of the element identified by ``locator``.</doc>
<msg timestamp="20231101 11:17:27.712" level="INFO">${gender} = male</msg>
<status status="PASS" starttime="20231101 11:17:27.696" endtime="20231101 11:17:27.712"/>
</kw>
<kw name="Create Dictionary" library="BuiltIn">
<var>${temp_result}</var>
<arg>name=${name}</arg>
<arg>age=${age}</arg>
<arg>gender=${gender}</arg>
<doc>Creates and returns a dictionary based on the given ``items``.</doc>
<msg timestamp="20231101 11:17:27.712" level="INFO">${temp_result} = {'name': 'Phil', 'age': '49', 'gender': 'male'}</msg>
<status status="PASS" starttime="20231101 11:17:27.712" endtime="20231101 11:17:27.712"/>
</kw>
<kw name="Append To List" library="Collections">
<arg>${actual_result}</arg>
<arg>${temp_result}</arg>
<doc>Adds ``values`` to the end of ``list``.</doc>
<status status="PASS" starttime="20231101 11:17:27.712" endtime="20231101 11:17:27.712"/>
</kw>
<status status="PASS" starttime="20231101 11:17:27.650" endtime="20231101 11:17:27.712"/>
</iter>
<status status="PASS" starttime="20231101 11:17:27.372" endtime="20231101 11:17:27.712"/>
</for>
<kw name="Set Global Variable" library="BuiltIn">
<arg>${actual_result}</arg>
<doc>Makes a variable available globally in all tests and suites.</doc>
<msg timestamp="20231101 11:17:27.712" level="INFO">${actual_result} = [{'name': 'Bob', 'age': '20', 'gender': 'male'}, {'name': 'George', 'age': '42', 'gender': 'male'}, {'name': 'Sandra', 'age': '43', 'gender': 'female'}, {'name': 'Barbara', 'age': '21', 'gender': 'fem...</msg>
<status status="PASS" starttime="20231101 11:17:27.712" endtime="20231101 11:17:27.712"/>
</kw>
<status status="PASS" starttime="20231101 11:17:27.355" endtime="20231101 11:17:27.712"/>
</kw>
<kw name="Validate the Result">
<kw name="Evaluate" library="BuiltIn">
<var>${Expected_Result}</var>
<arg>json.loads($jsondata)</arg>
<doc>Evaluates the given expression in Python and returns the result.</doc>
<msg timestamp="20231101 11:17:27.712" level="INFO">${Expected_Result} = [{'name': 'Bob', 'age': 20, 'gender': 'male'}, {'name': 'George', 'age': 42, 'gender': 'male'}, {'name': 'Sandra', 'age': 43, 'gender': 'female'}, {'name': 'Barbara', 'age': 21, 'gender': 'female'}, {...</msg>
<status status="PASS" starttime="20231101 11:17:27.712" endtime="20231101 11:17:27.712"/>
</kw>
<kw name="Log" library="BuiltIn">
<arg>${Expected_Result}</arg>
<arg>WARN</arg>
<doc>Logs the given message with the given level.</doc>
<msg timestamp="20231101 11:17:27.712" level="WARN">[{'name': 'Bob', 'age': 20, 'gender': 'male'}, {'name': 'George', 'age': 42, 'gender': 'male'}, {'name': 'Sandra', 'age': 43, 'gender': 'female'}, {'name': 'Barbara', 'age': 21, 'gender': 'female'}, {'name': 'Tom', 'age': 45, 'gender': 'male'}, {'name': 'Phil', 'age': 49, 'gender': 'male'}]</msg>
<status status="PASS" starttime="20231101 11:17:27.712" endtime="20231101 11:17:27.712"/>
</kw>
<kw name="Log" library="BuiltIn">
<arg>${actual_result}</arg>
<arg>WARN</arg>
<doc>Logs the given message with the given level.</doc>
<msg timestamp="20231101 11:17:27.712" level="WARN">[{'name': 'Bob', 'age': '20', 'gender': 'male'}, {'name': 'George', 'age': '42', 'gender': 'male'}, {'name': 'Sandra', 'age': '43', 'gender': 'female'}, {'name': 'Barbara', 'age': '21', 'gender': 'female'}, {'name': 'Tom', 'age': '45', 'gender': 'male'}, {'name': 'Phil', 'age': '49', 'gender': 'male'}]</msg>
<status status="PASS" starttime="20231101 11:17:27.712" endtime="20231101 11:17:27.728"/>
</kw>
<kw name="Create Workbook" library="ExcellentLibrary">
<arg>C:\\Users\\jeeva\\OneDrive\\Desktop\\Assignment//result.xlsx</arg>
<arg>overwrite_if_exist=True</arg>
<doc>Creates a new workbook and saves it to the given file path.</doc>
<status status="PASS" starttime="20231101 11:17:27.728" endtime="20231101 11:17:27.728"/>
</kw>
<kw name="Write To Cell" library="ExcellentLibrary">
<arg>A1</arg>
<arg>Name</arg>
<doc>Writes a value to the supplied cell.</doc>
<status status="PASS" starttime="20231101 11:17:27.728" endtime="20231101 11:17:27.728"/>
</kw>
<kw name="Write To Cell" library="ExcellentLibrary">
<arg>C1</arg>
<arg>Expected Age</arg>
<doc>Writes a value to the supplied cell.</doc>
<status status="PASS" starttime="20231101 11:17:27.728" endtime="20231101 11:17:27.728"/>
</kw>
<kw name="Write To Cell" library="ExcellentLibrary">
<arg>D1</arg>
<arg>Actual Age</arg>
<doc>Writes a value to the supplied cell.</doc>
<status status="PASS" starttime="20231101 11:17:27.728" endtime="20231101 11:17:27.728"/>
</kw>
<kw name="Write To Cell" library="ExcellentLibrary">
<arg>E1</arg>
<arg>Result</arg>
<doc>Writes a value to the supplied cell.</doc>
<status status="PASS" starttime="20231101 11:17:27.728" endtime="20231101 11:17:27.728"/>
</kw>
<kw name="Write To Cell" library="ExcellentLibrary">
<arg>G1</arg>
<arg>Expected Gender</arg>
<doc>Writes a value to the supplied cell.</doc>
<status status="PASS" starttime="20231101 11:17:27.728" endtime="20231101 11:17:27.728"/>
</kw>
<kw name="Write To Cell" library="ExcellentLibrary">
<arg>H1</arg>
<arg>Actual Gender</arg>
<doc>Writes a value to the supplied cell.</doc>
<status status="PASS" starttime="20231101 11:17:27.728" endtime="20231101 11:17:27.728"/>
</kw>
<kw name="Write To Cell" library="ExcellentLibrary">
<arg>I1</arg>
<arg>Result</arg>
<doc>Writes a value to the supplied cell.</doc>
<status status="PASS" starttime="20231101 11:17:27.728" endtime="20231101 11:17:27.728"/>
</kw>
<kw name="Set Variable" library="BuiltIn">
<var>${row_count}</var>
<arg>${2}</arg>
<doc>Returns the given values which can then be assigned to a variables.</doc>
<msg timestamp="20231101 11:17:27.728" level="INFO">${row_count} = 2</msg>
<status status="PASS" starttime="20231101 11:17:27.728" endtime="20231101 11:17:27.728"/>
</kw>
<for flavor="IN">
<var>${e_dict}</var>
<value>@{Expected_Result}</value>
<iter>
<var name="${e_dict}">{'name': 'Bob', 'age': 20, 'gender': 'male'}</var>
<for flavor="IN">
<var>${a_dict}</var>
<value>@{actual_result}</value>
<iter>
<var name="${a_dict}">{'name': 'Bob', 'age': '20', 'gender': 'male'}</var>
<kw name="Continue For Loop If" library="BuiltIn">
<arg>"${e_dict['name']}"!="${a_dict['name']}"</arg>
<doc>Skips the current FOR loop iteration if the ``condition`` is true.</doc>
<status status="PASS" starttime="20231101 11:17:27.728" endtime="20231101 11:17:27.728"/>
</kw>
<kw name="Write To Cell" library="ExcellentLibrary">
<arg>A${row_count}</arg>
<arg>${e_dict['name']}</arg>
<doc>Writes a value to the supplied cell.</doc>
<status status="PASS" starttime="20231101 11:17:27.728" endtime="20231101 11:17:27.728"/>
</kw>
<kw name="Write To Cell" library="ExcellentLibrary">
<arg>C${row_count}</arg>
<arg>${e_dict['age']}</arg>
<doc>Writes a value to the supplied cell.</doc>
<status status="PASS" starttime="20231101 11:17:27.743" endtime="20231101 11:17:27.743"/>
</kw>
<kw name="Write To Cell" library="ExcellentLibrary">
<arg>D${row_count}</arg>
<arg>${a_dict['age']}</arg>
<doc>Writes a value to the supplied cell.</doc>
<status status="PASS" starttime="20231101 11:17:27.743" endtime="20231101 11:17:27.743"/>
</kw>
<if>
<branch type="IF" condition="&quot;${a_dict['age']}&quot;==&quot;${e_dict['age']}&quot;">
<kw name="Write To Cell" library="ExcellentLibrary">
<arg>E${row_count}</arg>
<arg>PASS</arg>
<doc>Writes a value to the supplied cell.</doc>
<status status="PASS" starttime="20231101 11:17:27.743" endtime="20231101 11:17:27.743"/>
</kw>
<status status="PASS" starttime="20231101 11:17:27.743" endtime="20231101 11:17:27.743"/>
</branch>
<branch type="ELSE">
<kw name="Write To Cell" library="ExcellentLibrary">
<arg>E${row_count}</arg>
<arg>FAIL</arg>
<doc>Writes a value to the supplied cell.</doc>
<status status="NOT RUN" starttime="20231101 11:17:27.743" endtime="20231101 11:17:27.743"/>
</kw>
<status status="NOT RUN" starttime="20231101 11:17:27.743" endtime="20231101 11:17:27.743"/>
</branch>
<status status="PASS" starttime="20231101 11:17:27.743" endtime="20231101 11:17:27.743"/>
</if>
<kw name="Write To Cell" library="ExcellentLibrary">
<arg>G${row_count}</arg>
<arg>${e_dict['gender']}</arg>
<doc>Writes a value to the supplied cell.</doc>
<status status="PASS" starttime="20231101 11:17:27.743" endtime="20231101 11:17:27.743"/>
</kw>
<kw name="Write To Cell" library="ExcellentLibrary">
<arg>H${row_count}</arg>
<arg>${a_dict['gender']}</arg>
<doc>Writes a value to the supplied cell.</doc>
<status status="PASS" starttime="20231101 11:17:27.743" endtime="20231101 11:17:27.743"/>
</kw>
<if>
<branch type="IF" condition="&quot;${a_dict['gender']}&quot;==&quot;${e_dict['gender']}&quot;">
<kw name="Write To Cell" library="ExcellentLibrary">
<arg>I${row_count}</arg>
<arg>PASS</arg>
<doc>Writes a value to the supplied cell.</doc>
<status status="PASS" starttime="20231101 11:17:27.743" endtime="20231101 11:17:27.743"/>
</kw>
<status status="PASS" starttime="20231101 11:17:27.743" endtime="20231101 11:17:27.743"/>
</branch>
<branch type="ELSE">
<kw name="Write To Cell" library="ExcellentLibrary">
<arg>I${row_count}</arg>
<arg>FAIL</arg>
<doc>Writes a value to the supplied cell.</doc>
<status status="NOT RUN" starttime="20231101 11:17:27.743" endtime="20231101 11:17:27.743"/>
</kw>
<status status="NOT RUN" starttime="20231101 11:17:27.743" endtime="20231101 11:17:27.743"/>
</branch>
<status status="PASS" starttime="20231101 11:17:27.743" endtime="20231101 11:17:27.743"/>
</if>
<kw name="Evaluate" library="BuiltIn">
<var>${row_count}</var>
<arg>${row_count}+1</arg>
<doc>Evaluates the given expression in Python and returns the result.</doc>
<msg timestamp="20231101 11:17:27.743" level="INFO">${row_count} = 3</msg>
<status status="PASS" starttime="20231101 11:17:27.743" endtime="20231101 11:17:27.743"/>
</kw>
<kw name="Save" library="ExcellentLibrary">
<doc>Saves the changes to the currently active workbook.</doc>
<status status="PASS" starttime="20231101 11:17:27.743" endtime="20231101 11:17:27.759"/>
</kw>
<status status="PASS" starttime="20231101 11:17:27.728" endtime="20231101 11:17:27.759"/>
</iter>
<iter>
<var name="${a_dict}">{'name': 'George', 'age': '42', 'gender': 'male'}</var>
<kw name="Continue For Loop If" library="BuiltIn">
<arg>"${e_dict['name']}"!="${a_dict['name']}"</arg>
<doc>Skips the current FOR loop iteration if the ``condition`` is true.</doc>
<msg timestamp="20231101 11:17:27.759" level="INFO">Continuing for loop from the next iteration.</msg>
<status status="PASS" starttime="20231101 11:17:27.759" endtime="20231101 11:17:27.759"/>
</kw>
<kw name="Write To Cell" library="ExcellentLibrary">
<arg>A${row_count}</arg>
<arg>${e_dict['name']}</arg>
<doc>Writes a value to the supplied cell.</doc>
<status status="NOT RUN" starttime="20231101 11:17:27.759" endtime="20231101 11:17:27.759"/>
</kw>
<kw name="Write To Cell" library="ExcellentLibrary">
<arg>C${row_count}</arg>
<arg>${e_dict['age']}</arg>
<doc>Writes a value to the supplied cell.</doc>
<status status="NOT RUN" starttime="20231101 11:17:27.759" endtime="20231101 11:17:27.759"/>
</kw>
<kw name="Write To Cell" library="ExcellentLibrary">
<arg>D${row_count}</arg>
<arg>${a_dict['age']}</arg>
<doc>Writes a value to the supplied cell.</doc>
<status status="NOT RUN" starttime="20231101 11:17:27.759" endtime="20231101 11:17:27.759"/>
</kw>
<if>
<branch type="IF" condition="&quot;${a_dict['age']}&quot;==&quot;${e_dict['age']}&quot;">
<kw name="Write To Cell" library="ExcellentLibrary">
<arg>E${row_count}</arg>
<arg>PASS</arg>
<doc>Writes a value to the supplied cell.</doc>
<status status="NOT RUN" starttime="20231101 11:17:27.759" endtime="20231101 11:17:27.759"/>
</kw>
<status status="NOT RUN" starttime="20231101 11:17:27.759" endtime="20231101 11:17:27.759"/>
</branch>
<branch type="ELSE">
<kw name="Write To Cell" library="ExcellentLibrary">
<arg>E${row_count}</arg>
<arg>FAIL</arg>
<doc>Writes a value to the supplied cell.</doc>
<status status="NOT RUN" starttime="20231101 11:17:27.759" endtime="20231101 11:17:27.759"/>
</kw>
<status status="NOT RUN" starttime="20231101 11:17:27.759" endtime="20231101 11:17:27.759"/>
</branch>
<status status="NOT RUN" starttime="20231101 11:17:27.759" endtime="20231101 11:17:27.759"/>
</if>
<kw name="Write To Cell" library="ExcellentLibrary">
<arg>G${row_count}</arg>
<arg>${e_dict['gender']}</arg>
<doc>Writes a value to the supplied cell.</doc>
<status status="NOT RUN" starttime="20231101 11:17:27.759" endtime="20231101 11:17:27.759"/>
</kw>
<kw name="Write To Cell" library="ExcellentLibrary">
<arg>H${row_count}</arg>
<arg>${a_dict['gender']}</arg>
<doc>Writes a value to the supplied cell.</doc>
<status status="NOT RUN" starttime="20231101 11:17:27.759" endtime="20231101 11:17:27.759"/>
</kw>
<if>
<branch type="IF" condition="&quot;${a_dict['gender']}&quot;==&quot;${e_dict['gender']}&quot;">
<kw name="Write To Cell" library="ExcellentLibrary">
<arg>I${row_count}</arg>
<arg>PASS</arg>
<doc>Writes a value to the supplied cell.</doc>
<status status="NOT RUN" starttime="20231101 11:17:27.759" endtime="20231101 11:17:27.759"/>
</kw>
<status status="NOT RUN" starttime="20231101 11:17:27.759" endtime="20231101 11:17:27.759"/>
</branch>
<branch type="ELSE">
<kw name="Write To Cell" library="ExcellentLibrary">
<arg>I${row_count}</arg>
<arg>FAIL</arg>
<doc>Writes a value to the supplied cell.</doc>
<status status="NOT RUN" starttime="20231101 11:17:27.759" endtime="20231101 11:17:27.759"/>
</kw>
<status status="NOT RUN" starttime="20231101 11:17:27.759" endtime="20231101 11:17:27.759"/>
</branch>
<status status="NOT RUN" starttime="20231101 11:17:27.759" endtime="20231101 11:17:27.759"/>
</if>
<kw name="Evaluate" library="BuiltIn">
<var>${row_count}</var>
<arg>${row_count}+1</arg>
<doc>Evaluates the given expression in Python and returns the result.</doc>
<status status="NOT RUN" starttime="20231101 11:17:27.759" endtime="20231101 11:17:27.759"/>
</kw>
<kw name="Save" library="ExcellentLibrary">
<doc>Saves the changes to the currently active workbook.</doc>
<status status="NOT RUN" starttime="20231101 11:17:27.759" endtime="20231101 11:17:27.759"/>
</kw>
<status status="PASS" starttime="20231101 11:17:27.759" endtime="20231101 11:17:27.759"/>
</iter>
<iter>
<var name="${a_dict}">{'name': 'Sandra', 'age': '43', 'gender': 'female'}</var>
<kw name="Continue For Loop If" library="BuiltIn">
<arg>"${e_dict['name']}"!="${a_dict['name']}"</arg>
<doc>Skips the current FOR loop iteration if the ``condition`` is true.</doc>
<msg timestamp="20231101 11:17:27.759" level="INFO">Continuing for loop from the next iteration.</msg>
<status status="PASS" starttime="20231101 11:17:27.759" endtime="20231101 11:17:27.759"/>
</kw>
<kw name="Write To Cell" library="ExcellentLibrary">
<arg>A${row_count}</arg>
<arg>${e_dict['name']}</arg>
<doc>Writes a value to the supplied cell.</doc>
<status status="NOT RUN" starttime="20231101 11:17:27.759" endtime="20231101 11:17:27.759"/>
</kw>
<kw name="Write To Cell" library="ExcellentLibrary">
<arg>C${row_count}</arg>
<arg>${e_dict['age']}</arg>
<doc>Writes a value to the supplied cell.</doc>
<status status="NOT RUN" starttime="20231101 11:17:27.759" endtime="20231101 11:17:27.759"/>
</kw>
<kw name="Write To Cell" library="ExcellentLibrary">
<arg>D${row_count}</arg>
<arg>${a_dict['age']}</arg>
<doc>Writes a value to the supplied cell.</doc>
<status status="NOT RUN" starttime="20231101 11:17:27.759" endtime="20231101 11:17:27.759"/>
</kw>
<if>
<branch type="IF" condition="&quot;${a_dict['age']}&quot;==&quot;${e_dict['age']}&quot;">
<kw name="Write To Cell" library="ExcellentLibrary">
<arg>E${row_count}</arg>
<arg>PASS</arg>
<doc>Writes a value to the supplied cell.</doc>
<status status="NOT RUN" starttime="20231101 11:17:27.759" endtime="20231101 11:17:27.759"/>
</kw>
<status status="NOT RUN" starttime="20231101 11:17:27.759" endtime="20231101 11:17:27.759"/>
</branch>
<branch type="ELSE">
<kw name="Write To Cell" library="ExcellentLibrary">
<arg>E${row_count}</arg>
<arg>FAIL</arg>
<doc>Writes a value to the supplied cell.</doc>
<status status="NOT RUN" starttime="20231101 11:17:27.759" endtime="20231101 11:17:27.759"/>
</kw>
<status status="NOT RUN" starttime="20231101 11:17:27.759" endtime="20231101 11:17:27.759"/>
</branch>
<status status="NOT RUN" starttime="20231101 11:17:27.759" endtime="20231101 11:17:27.759"/>
</if>
<kw name="Write To Cell" library="ExcellentLibrary">
<arg>G${row_count}</arg>
<arg>${e_dict['gender']}</arg>
<doc>Writes a value to the supplied cell.</doc>
<status status="NOT RUN" starttime="20231101 11:17:27.759" endtime="20231101 11:17:27.759"/>
</kw>
<kw name="Write To Cell" library="ExcellentLibrary">
<arg>H${row_count}</arg>
<arg>${a_dict['gender']}</arg>
<doc>Writes a value to the supplied cell.</doc>
<status status="NOT RUN" starttime="20231101 11:17:27.759" endtime="20231101 11:17:27.759"/>
</kw>
<if>
<branch type="IF" condition="&quot;${a_dict['gender']}&quot;==&quot;${e_dict['gender']}&quot;">
<kw name="Write To Cell" library="ExcellentLibrary">
<arg>I${row_count}</arg>
<arg>PASS</arg>
<doc>Writes a value to the supplied cell.</doc>
<status status="NOT RUN" starttime="20231101 11:17:27.759" endtime="20231101 11:17:27.759"/>
</kw>
<status status="NOT RUN" starttime="20231101 11:17:27.759" endtime="20231101 11:17:27.759"/>
</branch>
<branch type="ELSE">
<kw name="Write To Cell" library="ExcellentLibrary">
<arg>I${row_count}</arg>
<arg>FAIL</arg>
<doc>Writes a value to the supplied cell.</doc>
<status status="NOT RUN" starttime="20231101 11:17:27.759" endtime="20231101 11:17:27.759"/>
</kw>
<status status="NOT RUN" starttime="20231101 11:17:27.759" endtime="20231101 11:17:27.759"/>
</branch>
<status status="NOT RUN" starttime="20231101 11:17:27.759" endtime="20231101 11:17:27.759"/>
</if>
<kw name="Evaluate" library="BuiltIn">
<var>${row_count}</var>
<arg>${row_count}+1</arg>
<doc>Evaluates the given expression in Python and returns the result.</doc>
<status status="NOT RUN" starttime="20231101 11:17:27.759" endtime="20231101 11:17:27.759"/>
</kw>
<kw name="Save" library="ExcellentLibrary">
<doc>Saves the changes to the currently active workbook.</doc>
<status status="NOT RUN" starttime="20231101 11:17:27.759" endtime="20231101 11:17:27.759"/>
</kw>
<status status="PASS" starttime="20231101 11:17:27.759" endtime="20231101 11:17:27.759"/>
</iter>
<iter>
<var name="${a_dict}">{'name': 'Barbara', 'age': '21', 'gender': 'female'}</var>
<kw name="Continue For Loop If" library="BuiltIn">
<arg>"${e_dict['name']}"!="${a_dict['name']}"</arg>
<doc>Skips the current FOR loop iteration if the ``condition`` is true.</doc>
<msg timestamp="20231101 11:17:27.775" level="INFO">Continuing for loop from the next iteration.</msg>
<status status="PASS" starttime="20231101 11:17:27.759" endtime="20231101 11:17:27.775"/>
</kw>
<kw name="Write To Cell" library="ExcellentLibrary">
<arg>A${row_count}</arg>
<arg>${e_dict['name']}</arg>
<doc>Writes a value to the supplied cell.</doc>
<status status="NOT RUN" starttime="20231101 11:17:27.775" endtime="20231101 11:17:27.775"/>
</kw>
<kw name="Write To Cell" library="ExcellentLibrary">
<arg>C${row_count}</arg>
<arg>${e_dict['age']}</arg>
<doc>Writes a value to the supplied cell.</doc>
<status status="NOT RUN" starttime="20231101 11:17:27.775" endtime="20231101 11:17:27.775"/>
</kw>
<kw name="Write To Cell" library="ExcellentLibrary">
<arg>D${row_count}</arg>
<arg>${a_dict['age']}</arg>
<doc>Writes a value to the supplied cell.</doc>
<status status="NOT RUN" starttime="20231101 11:17:27.775" endtime="20231101 11:17:27.775"/>
</kw>
<if>
<branch type="IF" condition="&quot;${a_dict['age']}&quot;==&quot;${e_dict['age']}&quot;">
<kw name="Write To Cell" library="ExcellentLibrary">
<arg>E${row_count}</arg>
<arg>PASS</arg>
<doc>Writes a value to the supplied cell.</doc>
<status status="NOT RUN" starttime="20231101 11:17:27.775" endtime="20231101 11:17:27.775"/>
</kw>
<status status="NOT RUN" starttime="20231101 11:17:27.775" endtime="20231101 11:17:27.775"/>
</branch>
<branch type="ELSE">
<kw name="Write To Cell" library="ExcellentLibrary">
<arg>E${row_count}</arg>
<arg>FAIL</arg>
<doc>Writes a value to the supplied cell.</doc>
<status status="NOT RUN" starttime="20231101 11:17:27.775" endtime="20231101 11:17:27.775"/>
</kw>
<status status="NOT RUN" starttime="20231101 11:17:27.775" endtime="20231101 11:17:27.775"/>
</branch>
<status status="NOT RUN" starttime="20231101 11:17:27.775" endtime="20231101 11:17:27.775"/>
</if>
<kw name="Write To Cell" library="ExcellentLibrary">
<arg>G${row_count}</arg>
<arg>${e_dict['gender']}</arg>
<doc>Writes a value to the supplied cell.</doc>
<status status="NOT RUN" starttime="20231101 11:17:27.775" endtime="20231101 11:17:27.775"/>
</kw>
<kw name="Write To Cell" library="ExcellentLibrary">
<arg>H${row_count}</arg>
<arg>${a_dict['gender']}</arg>
<doc>Writes a value to the supplied cell.</doc>
<status status="NOT RUN" starttime="20231101 11:17:27.775" endtime="20231101 11:17:27.775"/>
</kw>
<if>
<branch type="IF" condition="&quot;${a_dict['gender']}&quot;==&quot;${e_dict['gender']}&quot;">
<kw name="Write To Cell" library="ExcellentLibrary">
<arg>I${row_count}</arg>
<arg>PASS</arg>
<doc>Writes a value to the supplied cell.</doc>
<status status="NOT RUN" starttime="20231101 11:17:27.775" endtime="20231101 11:17:27.775"/>
</kw>
<status status="NOT RUN" starttime="20231101 11:17:27.775" endtime="20231101 11:17:27.775"/>
</branch>
<branch type="ELSE">
<kw name="Write To Cell" library="ExcellentLibrary">
<arg>I${row_count}</arg>
<arg>FAIL</arg>
<doc>Writes a value to the supplied cell.</doc>
<status status="NOT RUN" starttime="20231101 11:17:27.775" endtime="20231101 11:17:27.775"/>
</kw>
<status status="NOT RUN" starttime="20231101 11:17:27.775" endtime="20231101 11:17:27.775"/>
</branch>
<status status="NOT RUN" starttime="20231101 11:17:27.775" endtime="20231101 11:17:27.775"/>
</if>
<kw name="Evaluate" library="BuiltIn">
<var>${row_count}</var>
<arg>${row_count}+1</arg>
<doc>Evaluates the given expression in Python and returns the result.</doc>
<status status="NOT RUN" starttime="20231101 11:17:27.775" endtime="20231101 11:17:27.775"/>
</kw>
<kw name="Save" library="ExcellentLibrary">
<doc>Saves the changes to the currently active workbook.</doc>
<status status="NOT RUN" starttime="20231101 11:17:27.775" endtime="20231101 11:17:27.775"/>
</kw>
<status status="PASS" starttime="20231101 11:17:27.759" endtime="20231101 11:17:27.775"/>
</iter>
<iter>
<var name="${a_dict}">{'name': 'Tom', 'age': '45', 'gender': 'male'}</var>
<kw name="Continue For Loop If" library="BuiltIn">
<arg>"${e_dict['name']}"!="${a_dict['name']}"</arg>
<doc>Skips the current FOR loop iteration if the ``condition`` is true.</doc>
<msg timestamp="20231101 11:17:27.775" level="INFO">Continuing for loop from the next iteration.</msg>
<status status="PASS" starttime="20231101 11:17:27.775" endtime="20231101 11:17:27.775"/>
</kw>
<kw name="Write To Cell" library="ExcellentLibrary">
<arg>A${row_count}</arg>
<arg>${e_dict['name']}</arg>
<doc>Writes a value to the supplied cell.</doc>
<status status="NOT RUN" starttime="20231101 11:17:27.775" endtime="20231101 11:17:27.775"/>
</kw>
<kw name="Write To Cell" library="ExcellentLibrary">
<arg>C${row_count}</arg>
<arg>${e_dict['age']}</arg>
<doc>Writes a value to the supplied cell.</doc>
<status status="NOT RUN" starttime="20231101 11:17:27.775" endtime="20231101 11:17:27.775"/>
</kw>
<kw name="Write To Cell" library="ExcellentLibrary">
<arg>D${row_count}</arg>
<arg>${a_dict['age']}</arg>
<doc>Writes a value to the supplied cell.</doc>
<status status="NOT RUN" starttime="20231101 11:17:27.775" endtime="20231101 11:17:27.775"/>
</kw>
<if>
<branch type="IF" condition="&quot;${a_dict['age']}&quot;==&quot;${e_dict['age']}&quot;">
<kw name="Write To Cell" library="ExcellentLibrary">
<arg>E${row_count}</arg>
<arg>PASS</arg>
<doc>Writes a value to the supplied cell.</doc>
<status status="NOT RUN" starttime="20231101 11:17:27.775" endtime="20231101 11:17:27.775"/>
</kw>
<status status="NOT RUN" starttime="20231101 11:17:27.775" endtime="20231101 11:17:27.775"/>
</branch>
<branch type="ELSE">
<kw name="Write To Cell" library="ExcellentLibrary">
<arg>E${row_count}</arg>
<arg>FAIL</arg>
<doc>Writes a value to the supplied cell.</doc>
<status status="NOT RUN" starttime="20231101 11:17:27.775" endtime="20231101 11:17:27.775"/>
</kw>
<status status="NOT RUN" starttime="20231101 11:17:27.775" endtime="20231101 11:17:27.775"/>
</branch>
<status status="NOT RUN" starttime="20231101 11:17:27.775" endtime="20231101 11:17:27.775"/>
</if>
<kw name="Write To Cell" library="ExcellentLibrary">
<arg>G${row_count}</arg>
<arg>${e_dict['gender']}</arg>
<doc>Writes a value to the supplied cell.</doc>
<status status="NOT RUN" starttime="20231101 11:17:27.775" endtime="20231101 11:17:27.775"/>
</kw>
<kw name="Write To Cell" library="ExcellentLibrary">
<arg>H${row_count}</arg>
<arg>${a_dict['gender']}</arg>
<doc>Writes a value to the supplied cell.</doc>
<status status="NOT RUN" starttime="20231101 11:17:27.775" endtime="20231101 11:17:27.775"/>
</kw>
<if>
<branch type="IF" condition="&quot;${a_dict['gender']}&quot;==&quot;${e_dict['gender']}&quot;">
<kw name="Write To Cell" library="ExcellentLibrary">
<arg>I${row_count}</arg>
<arg>PASS</arg>
<doc>Writes a value to the supplied cell.</doc>
<status status="NOT RUN" starttime="20231101 11:17:27.775" endtime="20231101 11:17:27.775"/>
</kw>
<status status="NOT RUN" starttime="20231101 11:17:27.775" endtime="20231101 11:17:27.775"/>
</branch>
<branch type="ELSE">
<kw name="Write To Cell" library="ExcellentLibrary">
<arg>I${row_count}</arg>
<arg>FAIL</arg>
<doc>Writes a value to the supplied cell.</doc>
<status status="NOT RUN" starttime="20231101 11:17:27.775" endtime="20231101 11:17:27.775"/>
</kw>
<status status="NOT RUN" starttime="20231101 11:17:27.775" endtime="20231101 11:17:27.775"/>
</branch>
<status status="NOT RUN" starttime="20231101 11:17:27.775" endtime="20231101 11:17:27.775"/>
</if>
<kw name="Evaluate" library="BuiltIn">
<var>${row_count}</var>
<arg>${row_count}+1</arg>
<doc>Evaluates the given expression in Python and returns the result.</doc>
<status status="NOT RUN" starttime="20231101 11:17:27.775" endtime="20231101 11:17:27.775"/>
</kw>
<kw name="Save" library="ExcellentLibrary">
<doc>Saves the changes to the currently active workbook.</doc>
<status status="NOT RUN" starttime="20231101 11:17:27.775" endtime="20231101 11:17:27.775"/>
</kw>
<status status="PASS" starttime="20231101 11:17:27.775" endtime="20231101 11:17:27.775"/>
</iter>
<iter>
<var name="${a_dict}">{'name': 'Phil', 'age': '49', 'gender': 'male'}</var>
<kw name="Continue For Loop If" library="BuiltIn">
<arg>"${e_dict['name']}"!="${a_dict['name']}"</arg>
<doc>Skips the current FOR loop iteration if the ``condition`` is true.</doc>
<msg timestamp="20231101 11:17:27.775" level="INFO">Continuing for loop from the next iteration.</msg>
<status status="PASS" starttime="20231101 11:17:27.775" endtime="20231101 11:17:27.775"/>
</kw>
<kw name="Write To Cell" library="ExcellentLibrary">
<arg>A${row_count}</arg>
<arg>${e_dict['name']}</arg>
<doc>Writes a value to the supplied cell.</doc>
<status status="NOT RUN" starttime="20231101 11:17:27.775" endtime="20231101 11:17:27.775"/>
</kw>
<kw name="Write To Cell" library="ExcellentLibrary">
<arg>C${row_count}</arg>
<arg>${e_dict['age']}</arg>
<doc>Writes a value to the supplied cell.</doc>
<status status="NOT RUN" starttime="20231101 11:17:27.775" endtime="20231101 11:17:27.775"/>
</kw>
<kw name="Write To Cell" library="ExcellentLibrary">
<arg>D${row_count}</arg>
<arg>${a_dict['age']}</arg>
<doc>Writes a value to the supplied cell.</doc>
<status status="NOT RUN" starttime="20231101 11:17:27.775" endtime="20231101 11:17:27.775"/>
</kw>
<if>
<branch type="IF" condition="&quot;${a_dict['age']}&quot;==&quot;${e_dict['age']}&quot;">
<kw name="Write To Cell" library="ExcellentLibrary">
<arg>E${row_count}</arg>
<arg>PASS</arg>
<doc>Writes a value to the supplied cell.</doc>
<status status="NOT RUN" starttime="20231101 11:17:27.775" endtime="20231101 11:17:27.775"/>
</kw>
<status status="NOT RUN" starttime="20231101 11:17:27.775" endtime="20231101 11:17:27.775"/>
</branch>
<branch type="ELSE">
<kw name="Write To Cell" library="ExcellentLibrary">
<arg>E${row_count}</arg>
<arg>FAIL</arg>
<doc>Writes a value to the supplied cell.</doc>
<status status="NOT RUN" starttime="20231101 11:17:27.775" endtime="20231101 11:17:27.775"/>
</kw>
<status status="NOT RUN" starttime="20231101 11:17:27.775" endtime="20231101 11:17:27.775"/>
</branch>
<status status="NOT RUN" starttime="20231101 11:17:27.775" endtime="20231101 11:17:27.775"/>
</if>
<kw name="Write To Cell" library="ExcellentLibrary">
<arg>G${row_count}</arg>
<arg>${e_dict['gender']}</arg>
<doc>Writes a value to the supplied cell.</doc>
<status status="NOT RUN" starttime="20231101 11:17:27.775" endtime="20231101 11:17:27.775"/>
</kw>
<kw name="Write To Cell" library="ExcellentLibrary">
<arg>H${row_count}</arg>
<arg>${a_dict['gender']}</arg>
<doc>Writes a value to the supplied cell.</doc>
<status status="NOT RUN" starttime="20231101 11:17:27.775" endtime="20231101 11:17:27.775"/>
</kw>
<if>
<branch type="IF" condition="&quot;${a_dict['gender']}&quot;==&quot;${e_dict['gender']}&quot;">
<kw name="Write To Cell" library="ExcellentLibrary">
<arg>I${row_count}</arg>
<arg>PASS</arg>
<doc>Writes a value to the supplied cell.</doc>
<status status="NOT RUN" starttime="20231101 11:17:27.775" endtime="20231101 11:17:27.775"/>
</kw>
<status status="NOT RUN" starttime="20231101 11:17:27.775" endtime="20231101 11:17:27.775"/>
</branch>
<branch type="ELSE">
<kw name="Write To Cell" library="ExcellentLibrary">
<arg>I${row_count}</arg>
<arg>FAIL</arg>
<doc>Writes a value to the supplied cell.</doc>
<status status="NOT RUN" starttime="20231101 11:17:27.775" endtime="20231101 11:17:27.775"/>
</kw>
<status status="NOT RUN" starttime="20231101 11:17:27.775" endtime="20231101 11:17:27.775"/>
</branch>
<status status="NOT RUN" starttime="20231101 11:17:27.775" endtime="20231101 11:17:27.775"/>
</if>
<kw name="Evaluate" library="BuiltIn">
<var>${row_count}</var>
<arg>${row_count}+1</arg>
<doc>Evaluates the given expression in Python and returns the result.</doc>
<status status="NOT RUN" starttime="20231101 11:17:27.775" endtime="20231101 11:17:27.775"/>
</kw>
<kw name="Save" library="ExcellentLibrary">
<doc>Saves the changes to the currently active workbook.</doc>
<status status="NOT RUN" starttime="20231101 11:17:27.775" endtime="20231101 11:17:27.775"/>
</kw>
<status status="PASS" starttime="20231101 11:17:27.775" endtime="20231101 11:17:27.775"/>
</iter>
<status status="PASS" starttime="20231101 11:17:27.728" endtime="20231101 11:17:27.775"/>
</for>
<status status="PASS" starttime="20231101 11:17:27.728" endtime="20231101 11:17:27.775"/>
</iter>
<iter>
<var name="${e_dict}">{'name': 'George', 'age': 42, 'gender': 'male'}</var>
<for flavor="IN">
<var>${a_dict}</var>
<value>@{actual_result}</value>
<iter>
<var name="${a_dict}">{'name': 'Bob', 'age': '20', 'gender': 'male'}</var>
<kw name="Continue For Loop If" library="BuiltIn">
<arg>"${e_dict['name']}"!="${a_dict['name']}"</arg>
<doc>Skips the current FOR loop iteration if the ``condition`` is true.</doc>
<msg timestamp="20231101 11:17:27.775" level="INFO">Continuing for loop from the next iteration.</msg>
<status status="PASS" starttime="20231101 11:17:27.775" endtime="20231101 11:17:27.775"/>
</kw>
<kw name="Write To Cell" library="ExcellentLibrary">
<arg>A${row_count}</arg>
<arg>${e_dict['name']}</arg>
<doc>Writes a value to the supplied cell.</doc>
<status status="NOT RUN" starttime="20231101 11:17:27.775" endtime="20231101 11:17:27.775"/>
</kw>
<kw name="Write To Cell" library="ExcellentLibrary">
<arg>C${row_count}</arg>
<arg>${e_dict['age']}</arg>
<doc>Writes a value to the supplied cell.</doc>
<status status="NOT RUN" starttime="20231101 11:17:27.775" endtime="20231101 11:17:27.775"/>
</kw>
<kw name="Write To Cell" library="ExcellentLibrary">
<arg>D${row_count}</arg>
<arg>${a_dict['age']}</arg>
<doc>Writes a value to the supplied cell.</doc>
<status status="NOT RUN" starttime="20231101 11:17:27.775" endtime="20231101 11:17:27.775"/>
</kw>
<if>
<branch type="IF" condition="&quot;${a_dict['age']}&quot;==&quot;${e_dict['age']}&quot;">
<kw name="Write To Cell" library="ExcellentLibrary">
<arg>E${row_count}</arg>
<arg>PASS</arg>
<doc>Writes a value to the supplied cell.</doc>
<status status="NOT RUN" starttime="20231101 11:17:27.775" endtime="20231101 11:17:27.775"/>
</kw>
<status status="NOT RUN" starttime="20231101 11:17:27.775" endtime="20231101 11:17:27.775"/>
</branch>
<branch type="ELSE">
<kw name="Write To Cell" library="ExcellentLibrary">
<arg>E${row_count}</arg>
<arg>FAIL</arg>
<doc>Writes a value to the supplied cell.</doc>
<status status="NOT RUN" starttime="20231101 11:17:27.775" endtime="20231101 11:17:27.775"/>
</kw>
<status status="NOT RUN" starttime="20231101 11:17:27.775" endtime="20231101 11:17:27.775"/>
</branch>
<status status="NOT RUN" starttime="20231101 11:17:27.775" endtime="20231101 11:17:27.775"/>
</if>
<kw name="Write To Cell" library="ExcellentLibrary">
<arg>G${row_count}</arg>
<arg>${e_dict['gender']}</arg>
<doc>Writes a value to the supplied cell.</doc>
<status status="NOT RUN" starttime="20231101 11:17:27.775" endtime="20231101 11:17:27.775"/>
</kw>
<kw name="Write To Cell" library="ExcellentLibrary">
<arg>H${row_count}</arg>
<arg>${a_dict['gender']}</arg>
<doc>Writes a value to the supplied cell.</doc>
<status status="NOT RUN" starttime="20231101 11:17:27.775" endtime="20231101 11:17:27.775"/>
</kw>
<if>
<branch type="IF" condition="&quot;${a_dict['gender']}&quot;==&quot;${e_dict['gender']}&quot;">
<kw name="Write To Cell" library="ExcellentLibrary">
<arg>I${row_count}</arg>
<arg>PASS</arg>
<doc>Writes a value to the supplied cell.</doc>
<status status="NOT RUN" starttime="20231101 11:17:27.775" endtime="20231101 11:17:27.775"/>
</kw>
<status status="NOT RUN" starttime="20231101 11:17:27.775" endtime="20231101 11:17:27.775"/>
</branch>
<branch type="ELSE">
<kw name="Write To Cell" library="ExcellentLibrary">
<arg>I${row_count}</arg>
<arg>FAIL</arg>
<doc>Writes a value to the supplied cell.</doc>
<status status="NOT RUN" starttime="20231101 11:17:27.775" endtime="20231101 11:17:27.775"/>
</kw>
<status status="NOT RUN" starttime="20231101 11:17:27.775" endtime="20231101 11:17:27.775"/>
</branch>
<status status="NOT RUN" starttime="20231101 11:17:27.775" endtime="20231101 11:17:27.775"/>
</if>
<kw name="Evaluate" library="BuiltIn">
<var>${row_count}</var>
<arg>${row_count}+1</arg>
<doc>Evaluates the given expression in Python and returns the result.</doc>
<status status="NOT RUN" starttime="20231101 11:17:27.775" endtime="20231101 11:17:27.775"/>
</kw>
<kw name="Save" library="ExcellentLibrary">
<doc>Saves the changes to the currently active workbook.</doc>
<status status="NOT RUN" starttime="20231101 11:17:27.775" endtime="20231101 11:17:27.775"/>
</kw>
<status status="PASS" starttime="20231101 11:17:27.775" endtime="20231101 11:17:27.775"/>
</iter>
<iter>
<var name="${a_dict}">{'name': 'George', 'age': '42', 'gender': 'male'}</var>
<kw name="Continue For Loop If" library="BuiltIn">
<arg>"${e_dict['name']}"!="${a_dict['name']}"</arg>
<doc>Skips the current FOR loop iteration if the ``condition`` is true.</doc>
<status status="PASS" starttime="20231101 11:17:27.775" endtime="20231101 11:17:27.775"/>
</kw>
<kw name="Write To Cell" library="ExcellentLibrary">
<arg>A${row_count}</arg>
<arg>${e_dict['name']}</arg>
<doc>Writes a value to the supplied cell.</doc>
<status status="PASS" starttime="20231101 11:17:27.775" endtime="20231101 11:17:27.775"/>
</kw>
<kw name="Write To Cell" library="ExcellentLibrary">
<arg>C${row_count}</arg>
<arg>${e_dict['age']}</arg>
<doc>Writes a value to the supplied cell.</doc>
<status status="PASS" starttime="20231101 11:17:27.775" endtime="20231101 11:17:27.775"/>
</kw>
<kw name="Write To Cell" library="ExcellentLibrary">
<arg>D${row_count}</arg>
<arg>${a_dict['age']}</arg>
<doc>Writes a value to the supplied cell.</doc>
<status status="PASS" starttime="20231101 11:17:27.775" endtime="20231101 11:17:27.790"/>
</kw>
<if>
<branch type="IF" condition="&quot;${a_dict['age']}&quot;==&quot;${e_dict['age']}&quot;">
<kw name="Write To Cell" library="ExcellentLibrary">
<arg>E${row_count}</arg>
<arg>PASS</arg>
<doc>Writes a value to the supplied cell.</doc>
<status status="PASS" starttime="20231101 11:17:27.790" endtime="20231101 11:17:27.790"/>
</kw>
<status status="PASS" starttime="20231101 11:17:27.790" endtime="20231101 11:17:27.790"/>
</branch>
<branch type="ELSE">
<kw name="Write To Cell" library="ExcellentLibrary">
<arg>E${row_count}</arg>
<arg>FAIL</arg>
<doc>Writes a value to the supplied cell.</doc>
<status status="NOT RUN" starttime="20231101 11:17:27.790" endtime="20231101 11:17:27.790"/>
</kw>
<status status="NOT RUN" starttime="20231101 11:17:27.790" endtime="20231101 11:17:27.790"/>
</branch>
<status status="PASS" starttime="20231101 11:17:27.790" endtime="20231101 11:17:27.790"/>
</if>
<kw name="Write To Cell" library="ExcellentLibrary">
<arg>G${row_count}</arg>
<arg>${e_dict['gender']}</arg>
<doc>Writes a value to the supplied cell.</doc>
<status status="PASS" starttime="20231101 11:17:27.790" endtime="20231101 11:17:27.790"/>
</kw>
<kw name="Write To Cell" library="ExcellentLibrary">
<arg>H${row_count}</arg>
<arg>${a_dict['gender']}</arg>
<doc>Writes a value to the supplied cell.</doc>
<status status="PASS" starttime="20231101 11:17:27.790" endtime="20231101 11:17:27.790"/>
</kw>
<if>
<branch type="IF" condition="&quot;${a_dict['gender']}&quot;==&quot;${e_dict['gender']}&quot;">
<kw name="Write To Cell" library="ExcellentLibrary">
<arg>I${row_count}</arg>
<arg>PASS</arg>
<doc>Writes a value to the supplied cell.</doc>
<status status="PASS" starttime="20231101 11:17:27.790" endtime="20231101 11:17:27.790"/>
</kw>
<status status="PASS" starttime="20231101 11:17:27.790" endtime="20231101 11:17:27.790"/>
</branch>
<branch type="ELSE">
<kw name="Write To Cell" library="ExcellentLibrary">
<arg>I${row_count}</arg>
<arg>FAIL</arg>
<doc>Writes a value to the supplied cell.</doc>
<status status="NOT RUN" starttime="20231101 11:17:27.790" endtime="20231101 11:17:27.790"/>
</kw>
<status status="NOT RUN" starttime="20231101 11:17:27.790" endtime="20231101 11:17:27.790"/>
</branch>
<status status="PASS" starttime="20231101 11:17:27.790" endtime="20231101 11:17:27.790"/>
</if>
<kw name="Evaluate" library="BuiltIn">
<var>${row_count}</var>
<arg>${row_count}+1</arg>
<doc>Evaluates the given expression in Python and returns the result.</doc>
<msg timestamp="20231101 11:17:27.790" level="INFO">${row_count} = 4</msg>
<status status="PASS" starttime="20231101 11:17:27.790" endtime="20231101 11:17:27.790"/>
</kw>
<kw name="Save" library="ExcellentLibrary">
<doc>Saves the changes to the currently active workbook.</doc>
<status status="PASS" starttime="20231101 11:17:27.790" endtime="20231101 11:17:27.806"/>
</kw>
<status status="PASS" starttime="20231101 11:17:27.775" endtime="20231101 11:17:27.806"/>
</iter>
<iter>
<var name="${a_dict}">{'name': 'Sandra', 'age': '43', 'gender': 'female'}</var>
<kw name="Continue For Loop If" library="BuiltIn">
<arg>"${e_dict['name']}"!="${a_dict['name']}"</arg>
<doc>Skips the current FOR loop iteration if the ``condition`` is true.</doc>
<msg timestamp="20231101 11:17:27.806" level="INFO">Continuing for loop from the next iteration.</msg>
<status status="PASS" starttime="20231101 11:17:27.806" endtime="20231101 11:17:27.806"/>
</kw>
<kw name="Write To Cell" library="ExcellentLibrary">
<arg>A${row_count}</arg>
<arg>${e_dict['name']}</arg>
<doc>Writes a value to the supplied cell.</doc>
<status status="NOT RUN" starttime="20231101 11:17:27.806" endtime="20231101 11:17:27.806"/>
</kw>
<kw name="Write To Cell" library="ExcellentLibrary">
<arg>C${row_count}</arg>
<arg>${e_dict['age']}</arg>
<doc>Writes a value to the supplied cell.</doc>
<status status="NOT RUN" starttime="20231101 11:17:27.806" endtime="20231101 11:17:27.806"/>
</kw>
<kw name="Write To Cell" library="ExcellentLibrary">
<arg>D${row_count}</arg>
<arg>${a_dict['age']}</arg>
<doc>Writes a value to the supplied cell.</doc>
<status status="NOT RUN" starttime="20231101 11:17:27.806" endtime="20231101 11:17:27.806"/>
</kw>
<if>
<branch type="IF" condition="&quot;${a_dict['age']}&quot;==&quot;${e_dict['age']}&quot;">
<kw name="Write To Cell" library="ExcellentLibrary">
<arg>E${row_count}</arg>
<arg>PASS</arg>
<doc>Writes a value to the supplied cell.</doc>
<status status="NOT RUN" starttime="20231101 11:17:27.806" endtime="20231101 11:17:27.806"/>
</kw>
<status status="NOT RUN" starttime="20231101 11:17:27.806" endtime="20231101 11:17:27.806"/>
</branch>
<branch type="ELSE">
<kw name="Write To Cell" library="ExcellentLibrary">
<arg>E${row_count}</arg>
<arg>FAIL</arg>
<doc>Writes a value to the supplied cell.</doc>
<status status="NOT RUN" starttime="20231101 11:17:27.806" endtime="20231101 11:17:27.806"/>
</kw>
<status status="NOT RUN" starttime="20231101 11:17:27.806" endtime="20231101 11:17:27.806"/>
</branch>
<status status="NOT RUN" starttime="20231101 11:17:27.806" endtime="20231101 11:17:27.806"/>
</if>
<kw name="Write To Cell" library="ExcellentLibrary">
<arg>G${row_count}</arg>
<arg>${e_dict['gender']}</arg>
<doc>Writes a value to the supplied cell.</doc>
<status status="NOT RUN" starttime="20231101 11:17:27.806" endtime="20231101 11:17:27.806"/>
</kw>
<kw name="Write To Cell" library="ExcellentLibrary">
<arg>H${row_count}</arg>
<arg>${a_dict['gender']}</arg>
<doc>Writes a value to the supplied cell.</doc>
<status status="NOT RUN" starttime="20231101 11:17:27.806" endtime="20231101 11:17:27.806"/>
</kw>
<if>
<branch type="IF" condition="&quot;${a_dict['gender']}&quot;==&quot;${e_dict['gender']}&quot;">
<kw name="Write To Cell" library="ExcellentLibrary">
<arg>I${row_count}</arg>
<arg>PASS</arg>
<doc>Writes a value to the supplied cell.</doc>
<status status="NOT RUN" starttime="20231101 11:17:27.806" endtime="20231101 11:17:27.806"/>
</kw>
<status status="NOT RUN" starttime="20231101 11:17:27.806" endtime="20231101 11:17:27.806"/>
</branch>
<branch type="ELSE">
<kw name="Write To Cell" library="ExcellentLibrary">
<arg>I${row_count}</arg>
<arg>FAIL</arg>
<doc>Writes a value to the supplied cell.</doc>
<status status="NOT RUN" starttime="20231101 11:17:27.806" endtime="20231101 11:17:27.806"/>
</kw>
<status status="NOT RUN" starttime="20231101 11:17:27.806" endtime="20231101 11:17:27.806"/>
</branch>
<status status="NOT RUN" starttime="20231101 11:17:27.806" endtime="20231101 11:17:27.806"/>
</if>
<kw name="Evaluate" library="BuiltIn">
<var>${row_count}</var>
<arg>${row_count}+1</arg>
<doc>Evaluates the given expression in Python and returns the result.</doc>
<status status="NOT RUN" starttime="20231101 11:17:27.806" endtime="20231101 11:17:27.806"/>
</kw>
<kw name="Save" library="ExcellentLibrary">
<doc>Saves the changes to the currently active workbook.</doc>
<status status="NOT RUN" starttime="20231101 11:17:27.806" endtime="20231101 11:17:27.806"/>
</kw>
<status status="PASS" starttime="20231101 11:17:27.806" endtime="20231101 11:17:27.806"/>
</iter>
<iter>
<var name="${a_dict}">{'name': 'Barbara', 'age': '21', 'gender': 'female'}</var>
<kw name="Continue For Loop If" library="BuiltIn">
<arg>"${e_dict['name']}"!="${a_dict['name']}"</arg>
<doc>Skips the current FOR loop iteration if the ``condition`` is true.</doc>
<msg timestamp="20231101 11:17:27.806" level="INFO">Continuing for loop from the next iteration.</msg>
<status status="PASS" starttime="20231101 11:17:27.806" endtime="20231101 11:17:27.806"/>
</kw>
<kw name="Write To Cell" library="ExcellentLibrary">
<arg>A${row_count}</arg>
<arg>${e_dict['name']}</arg>
<doc>Writes a value to the supplied cell.</doc>
<status status="NOT RUN" starttime="20231101 11:17:27.806" endtime="20231101 11:17:27.806"/>
</kw>
<kw name="Write To Cell" library="ExcellentLibrary">
<arg>C${row_count}</arg>
<arg>${e_dict['age']}</arg>
<doc>Writes a value to the supplied cell.</doc>
<status status="NOT RUN" starttime="20231101 11:17:27.806" endtime="20231101 11:17:27.806"/>
</kw>
<kw name="Write To Cell" library="ExcellentLibrary">
<arg>D${row_count}</arg>
<arg>${a_dict['age']}</arg>
<doc>Writes a value to the supplied cell.</doc>
<status status="NOT RUN" starttime="20231101 11:17:27.806" endtime="20231101 11:17:27.806"/>
</kw>
<if>
<branch type="IF" condition="&quot;${a_dict['age']}&quot;==&quot;${e_dict['age']}&quot;">
<kw name="Write To Cell" library="ExcellentLibrary">
<arg>E${row_count}</arg>
<arg>PASS</arg>
<doc>Writes a value to the supplied cell.</doc>
<status status="NOT RUN" starttime="20231101 11:17:27.806" endtime="20231101 11:17:27.806"/>
</kw>
<status status="NOT RUN" starttime="20231101 11:17:27.806" endtime="20231101 11:17:27.806"/>
</branch>
<branch type="ELSE">
<kw name="Write To Cell" library="ExcellentLibrary">
<arg>E${row_count}</arg>
<arg>FAIL</arg>
<doc>Writes a value to the supplied cell.</doc>
<status status="NOT RUN" starttime="20231101 11:17:27.806" endtime="20231101 11:17:27.806"/>
</kw>
<status status="NOT RUN" starttime="20231101 11:17:27.806" endtime="20231101 11:17:27.806"/>
</branch>
<status status="NOT RUN" starttime="20231101 11:17:27.806" endtime="20231101 11:17:27.806"/>
</if>
<kw name="Write To Cell" library="ExcellentLibrary">
<arg>G${row_count}</arg>
<arg>${e_dict['gender']}</arg>
<doc>Writes a value to the supplied cell.</doc>
<status status="NOT RUN" starttime="20231101 11:17:27.806" endtime="20231101 11:17:27.806"/>
</kw>
<kw name="Write To Cell" library="ExcellentLibrary">
<arg>H${row_count}</arg>
<arg>${a_dict['gender']}</arg>
<doc>Writes a value to the supplied cell.</doc>
<status status="NOT RUN" starttime="20231101 11:17:27.806" endtime="20231101 11:17:27.806"/>
</kw>
<if>
<branch type="IF" condition="&quot;${a_dict['gender']}&quot;==&quot;${e_dict['gender']}&quot;">
<kw name="Write To Cell" library="ExcellentLibrary">
<arg>I${row_count}</arg>
<arg>PASS</arg>
<doc>Writes a value to the supplied cell.</doc>
<status status="NOT RUN" starttime="20231101 11:17:27.806" endtime="20231101 11:17:27.806"/>
</kw>
<status status="NOT RUN" starttime="20231101 11:17:27.806" endtime="20231101 11:17:27.806"/>
</branch>
<branch type="ELSE">
<kw name="Write To Cell" library="ExcellentLibrary">
<arg>I${row_count}</arg>
<arg>FAIL</arg>
<doc>Writes a value to the supplied cell.</doc>
<status status="NOT RUN" starttime="20231101 11:17:27.806" endtime="20231101 11:17:27.806"/>
</kw>
<status status="NOT RUN" starttime="20231101 11:17:27.806" endtime="20231101 11:17:27.806"/>
</branch>
<status status="NOT RUN" starttime="20231101 11:17:27.806" endtime="20231101 11:17:27.806"/>
</if>
<kw name="Evaluate" library="BuiltIn">
<var>${row_count}</var>
<arg>${row_count}+1</arg>
<doc>Evaluates the given expression in Python and returns the result.</doc>
<status status="NOT RUN" starttime="20231101 11:17:27.806" endtime="20231101 11:17:27.806"/>
</kw>
<kw name="Save" library="ExcellentLibrary">
<doc>Saves the changes to the currently active workbook.</doc>
<status status="NOT RUN" starttime="20231101 11:17:27.806" endtime="20231101 11:17:27.806"/>
</kw>
<status status="PASS" starttime="20231101 11:17:27.806" endtime="20231101 11:17:27.806"/>
</iter>
<iter>
<var name="${a_dict}">{'name': 'Tom', 'age': '45', 'gender': 'male'}</var>
<kw name="Continue For Loop If" library="BuiltIn">
<arg>"${e_dict['name']}"!="${a_dict['name']}"</arg>
<doc>Skips the current FOR loop iteration if the ``condition`` is true.</doc>
<msg timestamp="20231101 11:17:27.806" level="INFO">Continuing for loop from the next iteration.</msg>
<status status="PASS" starttime="20231101 11:17:27.806" endtime="20231101 11:17:27.806"/>
</kw>
<kw name="Write To Cell" library="ExcellentLibrary">
<arg>A${row_count}</arg>
<arg>${e_dict['name']}</arg>
<doc>Writes a value to the supplied cell.</doc>
<status status="NOT RUN" starttime="20231101 11:17:27.806" endtime="20231101 11:17:27.806"/>
</kw>
<kw name="Write To Cell" library="ExcellentLibrary">
<arg>C${row_count}</arg>
<arg>${e_dict['age']}</arg>
<doc>Writes a value to the supplied cell.</doc>
<status status="NOT RUN" starttime="20231101 11:17:27.806" endtime="20231101 11:17:27.806"/>
</kw>
<kw name="Write To Cell" library="ExcellentLibrary">
<arg>D${row_count}</arg>
<arg>${a_dict['age']}</arg>
<doc>Writes a value to the supplied cell.</doc>
<status status="NOT RUN" starttime="20231101 11:17:27.806" endtime="20231101 11:17:27.806"/>
</kw>
<if>
<branch type="IF" condition="&quot;${a_dict['age']}&quot;==&quot;${e_dict['age']}&quot;">
<kw name="Write To Cell" library="ExcellentLibrary">
<arg>E${row_count}</arg>
<arg>PASS</arg>
<doc>Writes a value to the supplied cell.</doc>
<status status="NOT RUN" starttime="20231101 11:17:27.806" endtime="20231101 11:17:27.806"/>
</kw>
<status status="NOT RUN" starttime="20231101 11:17:27.806" endtime="20231101 11:17:27.806"/>
</branch>
<branch type="ELSE">
<kw name="Write To Cell" library="ExcellentLibrary">
<arg>E${row_count}</arg>
<arg>FAIL</arg>
<doc>Writes a value to the supplied cell.</doc>
<status status="NOT RUN" starttime="20231101 11:17:27.806" endtime="20231101 11:17:27.806"/>
</kw>
<status status="NOT RUN" starttime="20231101 11:17:27.806" endtime="20231101 11:17:27.806"/>
</branch>
<status status="NOT RUN" starttime="20231101 11:17:27.806" endtime="20231101 11:17:27.806"/>
</if>
<kw name="Write To Cell" library="ExcellentLibrary">
<arg>G${row_count}</arg>
<arg>${e_dict['gender']}</arg>
<doc>Writes a value to the supplied cell.</doc>
<status status="NOT RUN" starttime="20231101 11:17:27.806" endtime="20231101 11:17:27.806"/>
</kw>
<kw name="Write To Cell" library="ExcellentLibrary">
<arg>H${row_count}</arg>
<arg>${a_dict['gender']}</arg>
<doc>Writes a value to the supplied cell.</doc>
<status status="NOT RUN" starttime="20231101 11:17:27.806" endtime="20231101 11:17:27.806"/>
</kw>
<if>
<branch type="IF" condition="&quot;${a_dict['gender']}&quot;==&quot;${e_dict['gender']}&quot;">
<kw name="Write To Cell" library="ExcellentLibrary">
<arg>I${row_count}</arg>
<arg>PASS</arg>
<doc>Writes a value to the supplied cell.</doc>
<status status="NOT RUN" starttime="20231101 11:17:27.806" endtime="20231101 11:17:27.806"/>
</kw>
<status status="NOT RUN" starttime="20231101 11:17:27.806" endtime="20231101 11:17:27.806"/>
</branch>
<branch type="ELSE">
<kw name="Write To Cell" library="ExcellentLibrary">
<arg>I${row_count}</arg>
<arg>FAIL</arg>
<doc>Writes a value to the supplied cell.</doc>
<status status="NOT RUN" starttime="20231101 11:17:27.806" endtime="20231101 11:17:27.806"/>
</kw>
<status status="NOT RUN" starttime="20231101 11:17:27.806" endtime="20231101 11:17:27.806"/>
</branch>
<status status="NOT RUN" starttime="20231101 11:17:27.806" endtime="20231101 11:17:27.806"/>
</if>
<kw name="Evaluate" library="BuiltIn">
<var>${row_count}</var>
<arg>${row_count}+1</arg>
<doc>Evaluates the given expression in Python and returns the result.</doc>
<status status="NOT RUN" starttime="20231101 11:17:27.806" endtime="20231101 11:17:27.806"/>
</kw>
<kw name="Save" library="ExcellentLibrary">
<doc>Saves the changes to the currently active workbook.</doc>
<status status="NOT RUN" starttime="20231101 11:17:27.806" endtime="20231101 11:17:27.806"/>
</kw>
<status status="PASS" starttime="20231101 11:17:27.806" endtime="20231101 11:17:27.806"/>
</iter>
<iter>
<var name="${a_dict}">{'name': 'Phil', 'age': '49', 'gender': 'male'}</var>
<kw name="Continue For Loop If" library="BuiltIn">
<arg>"${e_dict['name']}"!="${a_dict['name']}"</arg>
<doc>Skips the current FOR loop iteration if the ``condition`` is true.</doc>
<msg timestamp="20231101 11:17:27.821" level="INFO">Continuing for loop from the next iteration.</msg>
<status status="PASS" starttime="20231101 11:17:27.806" endtime="20231101 11:17:27.821"/>
</kw>
<kw name="Write To Cell" library="ExcellentLibrary">
<arg>A${row_count}</arg>
<arg>${e_dict['name']}</arg>
<doc>Writes a value to the supplied cell.</doc>
<status status="NOT RUN" starttime="20231101 11:17:27.821" endtime="20231101 11:17:27.821"/>
</kw>
<kw name="Write To Cell" library="ExcellentLibrary">
<arg>C${row_count}</arg>
<arg>${e_dict['age']}</arg>
<doc>Writes a value to the supplied cell.</doc>
<status status="NOT RUN" starttime="20231101 11:17:27.821" endtime="20231101 11:17:27.821"/>
</kw>
<kw name="Write To Cell" library="ExcellentLibrary">
<arg>D${row_count}</arg>
<arg>${a_dict['age']}</arg>
<doc>Writes a value to the supplied cell.</doc>
<status status="NOT RUN" starttime="20231101 11:17:27.821" endtime="20231101 11:17:27.821"/>
</kw>
<if>
<branch type="IF" condition="&quot;${a_dict['age']}&quot;==&quot;${e_dict['age']}&quot;">
<kw name="Write To Cell" library="ExcellentLibrary">
<arg>E${row_count}</arg>
<arg>PASS</arg>
<doc>Writes a value to the supplied cell.</doc>
<status status="NOT RUN" starttime="20231101 11:17:27.821" endtime="20231101 11:17:27.821"/>
</kw>
<status status="NOT RUN" starttime="20231101 11:17:27.821" endtime="20231101 11:17:27.821"/>
</branch>
<branch type="ELSE">
<kw name="Write To Cell" library="ExcellentLibrary">
<arg>E${row_count}</arg>
<arg>FAIL</arg>
<doc>Writes a value to the supplied cell.</doc>
<status status="NOT RUN" starttime="20231101 11:17:27.821" endtime="20231101 11:17:27.821"/>
</kw>
<status status="NOT RUN" starttime="20231101 11:17:27.821" endtime="20231101 11:17:27.821"/>
</branch>
<status status="NOT RUN" starttime="20231101 11:17:27.821" endtime="20231101 11:17:27.821"/>
</if>
<kw name="Write To Cell" library="ExcellentLibrary">
<arg>G${row_count}</arg>
<arg>${e_dict['gender']}</arg>
<doc>Writes a value to the supplied cell.</doc>
<status status="NOT RUN" starttime="20231101 11:17:27.821" endtime="20231101 11:17:27.821"/>
</kw>
<kw name="Write To Cell" library="ExcellentLibrary">
<arg>H${row_count}</arg>
<arg>${a_dict['gender']}</arg>
<doc>Writes a value to the supplied cell.</doc>
<status status="NOT RUN" starttime="20231101 11:17:27.821" endtime="20231101 11:17:27.821"/>
</kw>
<if>
<branch type="IF" condition="&quot;${a_dict['gender']}&quot;==&quot;${e_dict['gender']}&quot;">
<kw name="Write To Cell" library="ExcellentLibrary">
<arg>I${row_count}</arg>
<arg>PASS</arg>
<doc>Writes a value to the supplied cell.</doc>
<status status="NOT RUN" starttime="20231101 11:17:27.821" endtime="20231101 11:17:27.821"/>
</kw>
<status status="NOT RUN" starttime="20231101 11:17:27.821" endtime="20231101 11:17:27.821"/>
</branch>
<branch type="ELSE">
<kw name="Write To Cell" library="ExcellentLibrary">
<arg>I${row_count}</arg>
<arg>FAIL</arg>
<doc>Writes a value to the supplied cell.</doc>
<status status="NOT RUN" starttime="20231101 11:17:27.821" endtime="20231101 11:17:27.821"/>
</kw>
<status status="NOT RUN" starttime="20231101 11:17:27.821" endtime="20231101 11:17:27.821"/>
</branch>
<status status="NOT RUN" starttime="20231101 11:17:27.821" endtime="20231101 11:17:27.821"/>
</if>
<kw name="Evaluate" library="BuiltIn">
<var>${row_count}</var>
<arg>${row_count}+1</arg>
<doc>Evaluates the given expression in Python and returns the result.</doc>
<status status="NOT RUN" starttime="20231101 11:17:27.821" endtime="20231101 11:17:27.821"/>
</kw>
<kw name="Save" library="ExcellentLibrary">
<doc>Saves the changes to the currently active workbook.</doc>
<status status="NOT RUN" starttime="20231101 11:17:27.821" endtime="20231101 11:17:27.821"/>
</kw>
<status status="PASS" starttime="20231101 11:17:27.806" endtime="20231101 11:17:27.821"/>
</iter>
<status status="PASS" starttime="20231101 11:17:27.775" endtime="20231101 11:17:27.821"/>
</for>
<status status="PASS" starttime="20231101 11:17:27.775" endtime="20231101 11:17:27.821"/>
</iter>
<iter>
<var name="${e_dict}">{'name': 'Sandra', 'age': 43, 'gender': 'female'}</var>
<for flavor="IN">
<var>${a_dict}</var>
<value>@{actual_result}</value>
<iter>
<var name="${a_dict}">{'name': 'Bob', 'age': '20', 'gender': 'male'}</var>
<kw name="Continue For Loop If" library="BuiltIn">
<arg>"${e_dict['name']}"!="${a_dict['name']}"</arg>
<doc>Skips the current FOR loop iteration if the ``condition`` is true.</doc>
<msg timestamp="20231101 11:17:27.821" level="INFO">Continuing for loop from the next iteration.</msg>
<status status="PASS" starttime="20231101 11:17:27.821" endtime="20231101 11:17:27.821"/>
</kw>
<kw name="Write To Cell" library="ExcellentLibrary">
<arg>A${row_count}</arg>
<arg>${e_dict['name']}</arg>
<doc>Writes a value to the supplied cell.</doc>
<status status="NOT RUN" starttime="20231101 11:17:27.821" endtime="20231101 11:17:27.821"/>
</kw>
<kw name="Write To Cell" library="ExcellentLibrary">
<arg>C${row_count}</arg>
<arg>${e_dict['age']}</arg>
<doc>Writes a value to the supplied cell.</doc>
<status status="NOT RUN" starttime="20231101 11:17:27.821" endtime="20231101 11:17:27.821"/>
</kw>
<kw name="Write To Cell" library="ExcellentLibrary">
<arg>D${row_count}</arg>
<arg>${a_dict['age']}</arg>
<doc>Writes a value to the supplied cell.</doc>
<status status="NOT RUN" starttime="20231101 11:17:27.821" endtime="20231101 11:17:27.821"/>
</kw>
<if>
<branch type="IF" condition="&quot;${a_dict['age']}&quot;==&quot;${e_dict['age']}&quot;">
<kw name="Write To Cell" library="ExcellentLibrary">
<arg>E${row_count}</arg>
<arg>PASS</arg>
<doc>Writes a value to the supplied cell.</doc>
<status status="NOT RUN" starttime="20231101 11:17:27.821" endtime="20231101 11:17:27.821"/>
</kw>
<status status="NOT RUN" starttime="20231101 11:17:27.821" endtime="20231101 11:17:27.821"/>
</branch>
<branch type="ELSE">
<kw name="Write To Cell" library="ExcellentLibrary">
<arg>E${row_count}</arg>
<arg>FAIL</arg>
<doc>Writes a value to the supplied cell.</doc>
<status status="NOT RUN" starttime="20231101 11:17:27.821" endtime="20231101 11:17:27.821"/>
</kw>
<status status="NOT RUN" starttime="20231101 11:17:27.821" endtime="20231101 11:17:27.821"/>
</branch>
<status status="NOT RUN" starttime="20231101 11:17:27.821" endtime="20231101 11:17:27.821"/>
</if>
<kw name="Write To Cell" library="ExcellentLibrary">
<arg>G${row_count}</arg>
<arg>${e_dict['gender']}</arg>
<doc>Writes a value to the supplied cell.</doc>
<status status="NOT RUN" starttime="20231101 11:17:27.821" endtime="20231101 11:17:27.821"/>
</kw>
<kw name="Write To Cell" library="ExcellentLibrary">
<arg>H${row_count}</arg>
<arg>${a_dict['gender']}</arg>
<doc>Writes a value to the supplied cell.</doc>
<status status="NOT RUN" starttime="20231101 11:17:27.821" endtime="20231101 11:17:27.821"/>
</kw>
<if>
<branch type="IF" condition="&quot;${a_dict['gender']}&quot;==&quot;${e_dict['gender']}&quot;">
<kw name="Write To Cell" library="ExcellentLibrary">
<arg>I${row_count}</arg>
<arg>PASS</arg>
<doc>Writes a value to the supplied cell.</doc>
<status status="NOT RUN" starttime="20231101 11:17:27.821" endtime="20231101 11:17:27.821"/>
</kw>
<status status="NOT RUN" starttime="20231101 11:17:27.821" endtime="20231101 11:17:27.821"/>
</branch>
<branch type="ELSE">
<kw name="Write To Cell" library="ExcellentLibrary">
<arg>I${row_count}</arg>
<arg>FAIL</arg>
<doc>Writes a value to the supplied cell.</doc>
<status status="NOT RUN" starttime="20231101 11:17:27.821" endtime="20231101 11:17:27.821"/>
</kw>
<status status="NOT RUN" starttime="20231101 11:17:27.821" endtime="20231101 11:17:27.821"/>
</branch>
<status status="NOT RUN" starttime="20231101 11:17:27.821" endtime="20231101 11:17:27.821"/>
</if>
<kw name="Evaluate" library="BuiltIn">
<var>${row_count}</var>
<arg>${row_count}+1</arg>
<doc>Evaluates the given expression in Python and returns the result.</doc>
<status status="NOT RUN" starttime="20231101 11:17:27.821" endtime="20231101 11:17:27.821"/>
</kw>
<kw name="Save" library="ExcellentLibrary">
<doc>Saves the changes to the currently active workbook.</doc>
<status status="NOT RUN" starttime="20231101 11:17:27.821" endtime="20231101 11:17:27.821"/>
</kw>
<status status="PASS" starttime="20231101 11:17:27.821" endtime="20231101 11:17:27.821"/>
</iter>
<iter>
<var name="${a_dict}">{'name': 'George', 'age': '42', 'gender': 'male'}</var>
<kw name="Continue For Loop If" library="BuiltIn">
<arg>"${e_dict['name']}"!="${a_dict['name']}"</arg>
<doc>Skips the current FOR loop iteration if the ``condition`` is true.</doc>
<msg timestamp="20231101 11:17:27.821" level="INFO">Continuing for loop from the next iteration.</msg>
<status status="PASS" starttime="20231101 11:17:27.821" endtime="20231101 11:17:27.821"/>
</kw>
<kw name="Write To Cell" library="ExcellentLibrary">
<arg>A${row_count}</arg>
<arg>${e_dict['name']}</arg>
<doc>Writes a value to the supplied cell.</doc>
<status status="NOT RUN" starttime="20231101 11:17:27.821" endtime="20231101 11:17:27.821"/>
</kw>
<kw name="Write To Cell" library="ExcellentLibrary">
<arg>C${row_count}</arg>
<arg>${e_dict['age']}</arg>
<doc>Writes a value to the supplied cell.</doc>
<status status="NOT RUN" starttime="20231101 11:17:27.821" endtime="20231101 11:17:27.821"/>
</kw>
<kw name="Write To Cell" library="ExcellentLibrary">
<arg>D${row_count}</arg>
<arg>${a_dict['age']}</arg>
<doc>Writes a value to the supplied cell.</doc>
<status status="NOT RUN" starttime="20231101 11:17:27.821" endtime="20231101 11:17:27.821"/>
</kw>
<if>
<branch type="IF" condition="&quot;${a_dict['age']}&quot;==&quot;${e_dict['age']}&quot;">
<kw name="Write To Cell" library="ExcellentLibrary">
<arg>E${row_count}</arg>
<arg>PASS</arg>
<doc>Writes a value to the supplied cell.</doc>
<status status="NOT RUN" starttime="20231101 11:17:27.821" endtime="20231101 11:17:27.821"/>
</kw>
<status status="NOT RUN" starttime="20231101 11:17:27.821" endtime="20231101 11:17:27.821"/>
</branch>
<branch type="ELSE">
<kw name="Write To Cell" library="ExcellentLibrary">
<arg>E${row_count}</arg>
<arg>FAIL</arg>
<doc>Writes a value to the supplied cell.</doc>
<status status="NOT RUN" starttime="20231101 11:17:27.821" endtime="20231101 11:17:27.821"/>
</kw>
<status status="NOT RUN" starttime="20231101 11:17:27.821" endtime="20231101 11:17:27.821"/>
</branch>
<status status="NOT RUN" starttime="20231101 11:17:27.821" endtime="20231101 11:17:27.821"/>
</if>
<kw name="Write To Cell" library="ExcellentLibrary">
<arg>G${row_count}</arg>
<arg>${e_dict['gender']}</arg>
<doc>Writes a value to the supplied cell.</doc>
<status status="NOT RUN" starttime="20231101 11:17:27.821" endtime="20231101 11:17:27.821"/>
</kw>
<kw name="Write To Cell" library="ExcellentLibrary">
<arg>H${row_count}</arg>
<arg>${a_dict['gender']}</arg>
<doc>Writes a value to the supplied cell.</doc>
<status status="NOT RUN" starttime="20231101 11:17:27.821" endtime="20231101 11:17:27.821"/>
</kw>
<if>
<branch type="IF" condition="&quot;${a_dict['gender']}&quot;==&quot;${e_dict['gender']}&quot;">
<kw name="Write To Cell" library="ExcellentLibrary">
<arg>I${row_count}</arg>
<arg>PASS</arg>
<doc>Writes a value to the supplied cell.</doc>
<status status="NOT RUN" starttime="20231101 11:17:27.821" endtime="20231101 11:17:27.821"/>
</kw>
<status status="NOT RUN" starttime="20231101 11:17:27.821" endtime="20231101 11:17:27.821"/>
</branch>
<branch type="ELSE">
<kw name="Write To Cell" library="ExcellentLibrary">
<arg>I${row_count}</arg>
<arg>FAIL</arg>
<doc>Writes a value to the supplied cell.</doc>
<status status="NOT RUN" starttime="20231101 11:17:27.821" endtime="20231101 11:17:27.821"/>
</kw>
<status status="NOT RUN" starttime="20231101 11:17:27.821" endtime="20231101 11:17:27.821"/>
</branch>
<status status="NOT RUN" starttime="20231101 11:17:27.821" endtime="20231101 11:17:27.821"/>
</if>
<kw name="Evaluate" library="BuiltIn">
<var>${row_count}</var>
<arg>${row_count}+1</arg>
<doc>Evaluates the given expression in Python and returns the result.</doc>
<status status="NOT RUN" starttime="20231101 11:17:27.821" endtime="20231101 11:17:27.821"/>
</kw>
<kw name="Save" library="ExcellentLibrary">
<doc>Saves the changes to the currently active workbook.</doc>
<status status="NOT RUN" starttime="20231101 11:17:27.821" endtime="20231101 11:17:27.821"/>
</kw>
<status status="PASS" starttime="20231101 11:17:27.821" endtime="20231101 11:17:27.821"/>
</iter>
<iter>
<var name="${a_dict}">{'name': 'Sandra', 'age': '43', 'gender': 'female'}</var>
<kw name="Continue For Loop If" library="BuiltIn">
<arg>"${e_dict['name']}"!="${a_dict['name']}"</arg>
<doc>Skips the current FOR loop iteration if the ``condition`` is true.</doc>
<status status="PASS" starttime="20231101 11:17:27.821" endtime="20231101 11:17:27.821"/>
</kw>
<kw name="Write To Cell" library="ExcellentLibrary">
<arg>A${row_count}</arg>
<arg>${e_dict['name']}</arg>
<doc>Writes a value to the supplied cell.</doc>
<status status="PASS" starttime="20231101 11:17:27.821" endtime="20231101 11:17:27.821"/>
</kw>
<kw name="Write To Cell" library="ExcellentLibrary">
<arg>C${row_count}</arg>
<arg>${e_dict['age']}</arg>
<doc>Writes a value to the supplied cell.</doc>
<status status="PASS" starttime="20231101 11:17:27.821" endtime="20231101 11:17:27.821"/>
</kw>
[...]
<arg>PASS</arg>
<doc>Writes a value to the supplied cell.</doc>
<status status="NOT RUN" starttime="20231101 11:17:27.946" endtime="20231101 11:17:27.946"/>
</kw>
<status status="NOT RUN" starttime="20231101 11:17:27.946" endtime="20231101 11:17:27.946"/>
</branch>
<branch type="ELSE">
<kw name="Write To Cell" library="ExcellentLibrary">
<arg>I${row_count}</arg>
<arg>FAIL</arg>
<doc>Writes a value to the supplied cell.</doc>
<status status="NOT RUN" starttime="20231101 11:17:27.946" endtime="20231101 11:17:27.946"/>
</kw>
<status status="NOT RUN" starttime="20231101 11:17:27.946" endtime="20231101 11:17:27.946"/>
</branch>
<status status="NOT RUN" starttime="20231101 11:17:27.946" endtime="20231101 11:17:27.946"/>
</if>
<kw name="Evaluate" library="BuiltIn">
<var>${row_count}</var>
<arg>${row_count}+1</arg>
<doc>Evaluates the given expression in Python and returns the result.</doc>
<status status="NOT RUN" starttime="20231101 11:17:27.946" endtime="20231101 11:17:27.946"/>
</kw>
<kw name="Save" library="ExcellentLibrary">
<doc>Saves the changes to the currently active workbook.</doc>
<status status="NOT RUN" starttime="20231101 11:17:27.946" endtime="20231101 11:17:27.946"/>
</kw>
<status status="PASS" starttime="20231101 11:17:27.946" endtime="20231101 11:17:27.946"/>
</iter>
<iter>
<var name="${a_dict}">{'name': 'Sandra', 'age': '43', 'gender': 'female'}</var>
<kw name="Continue For Loop If" library="BuiltIn">
<arg>"${e_dict['name']}"!="${a_dict['name']}"</arg>
<doc>Skips the current FOR loop iteration if the ``condition`` is true.</doc>
<msg timestamp="20231101 11:17:27.946" level="INFO">Continuing for loop from the next iteration.</msg>
<status status="PASS" starttime="20231101 11:17:27.946" endtime="20231101 11:17:27.946"/>
</kw>
<kw name="Write To Cell" library="ExcellentLibrary">
<arg>A${row_count}</arg>
<arg>${e_dict['name']}</arg>
<doc>Writes a value to the supplied cell.</doc>
<status status="NOT RUN" starttime="20231101 11:17:27.946" endtime="20231101 11:17:27.946"/>
</kw>
<kw name="Write To Cell" library="ExcellentLibrary">
<arg>C${row_count}</arg>
<arg>${e_dict['age']}</arg>
<doc>Writes a value to the supplied cell.</doc>
<status status="NOT RUN" starttime="20231101 11:17:27.946" endtime="20231101 11:17:27.946"/>
</kw>
<kw name="Write To Cell" library="ExcellentLibrary">
<arg>D${row_count}</arg>
<arg>${a_dict['age']}</arg>
<doc>Writes a value to the supplied cell.</doc>
<status status="NOT RUN" starttime="20231101 11:17:27.946" endtime="20231101 11:17:27.946"/>
</kw>
<if>
<branch type="IF" condition="&quot;${a_dict['age']}&quot;==&quot;${e_dict['age']}&quot;">
<kw name="Write To Cell" library="ExcellentLibrary">
<arg>E${row_count}</arg>
<arg>PASS</arg>
<doc>Writes a value to the supplied cell.</doc>
<status status="NOT RUN" starttime="20231101 11:17:27.946" endtime="20231101 11:17:27.946"/>
</kw>
<status status="NOT RUN" starttime="20231101 11:17:27.946" endtime="20231101 11:17:27.946"/>
</branch>
<branch type="ELSE">
<kw name="Write To Cell" library="ExcellentLibrary">
<arg>E${row_count}</arg>
<arg>FAIL</arg>
<doc>Writes a value to the supplied cell.</doc>
<status status="NOT RUN" starttime="20231101 11:17:27.946" endtime="20231101 11:17:27.946"/>
</kw>
<status status="NOT RUN" starttime="20231101 11:17:27.946" endtime="20231101 11:17:27.946"/>
</branch>
<status status="NOT RUN" starttime="20231101 11:17:27.946" endtime="20231101 11:17:27.946"/>
</if>
<kw name="Write To Cell" library="ExcellentLibrary">
<arg>G${row_count}</arg>
<arg>${e_dict['gender']}</arg>
<doc>Writes a value to the supplied cell.</doc>
<status status="NOT RUN" starttime="20231101 11:17:27.946" endtime="20231101 11:17:27.946"/>
</kw>
<kw name="Write To Cell" library="ExcellentLibrary">
<arg>H${row_count}</arg>
<arg>${a_dict['gender']}</arg>
<doc>Writes a value to the supplied cell.</doc>
<status status="NOT RUN" starttime="20231101 11:17:27.946" endtime="20231101 11:17:27.946"/>
</kw>
<if>
<branch type="IF" condition="&quot;${a_dict['gender']}&quot;==&quot;${e_dict['gender']}&quot;">
<kw name="Write To Cell" library="ExcellentLibrary">
<arg>I${row_count}</arg>
<arg>PASS</arg>
<doc>Writes a value to the supplied cell.</doc>
<status status="NOT RUN" starttime="20231101 11:17:27.946" endtime="20231101 11:17:27.946"/>
</kw>
<status status="NOT RUN" starttime="20231101 11:17:27.946" endtime="20231101 11:17:27.946"/>
</branch>
<branch type="ELSE">
<kw name="Write To Cell" library="ExcellentLibrary">
<arg>I${row_count}</arg>
<arg>FAIL</arg>
<doc>Writes a value to the supplied cell.</doc>
<status status="NOT RUN" starttime="20231101 11:17:27.946" endtime="20231101 11:17:27.946"/>
</kw>
<status status="NOT RUN" starttime="20231101 11:17:27.946" endtime="20231101 11:17:27.946"/>
</branch>
<status status="NOT RUN" starttime="20231101 11:17:27.946" endtime="20231101 11:17:27.946"/>
</if>
<kw name="Evaluate" library="BuiltIn">
<var>${row_count}</var>
<arg>${row_count}+1</arg>
<doc>Evaluates the given expression in Python and returns the result.</doc>
<status status="NOT RUN" starttime="20231101 11:17:27.946" endtime="20231101 11:17:27.946"/>
</kw>
<kw name="Save" library="ExcellentLibrary">
<doc>Saves the changes to the currently active workbook.</doc>
<status status="NOT RUN" starttime="20231101 11:17:27.946" endtime="20231101 11:17:27.946"/>
</kw>
<status status="PASS" starttime="20231101 11:17:27.946" endtime="20231101 11:17:27.946"/>
</iter>
<iter>
<var name="${a_dict}">{'name': 'Barbara', 'age': '21', 'gender': 'female'}</var>
<kw name="Continue For Loop If" library="BuiltIn">
<arg>"${e_dict['name']}"!="${a_dict['name']}"</arg>
<doc>Skips the current FOR loop iteration if the ``condition`` is true.</doc>
<msg timestamp="20231101 11:17:27.962" level="INFO">Continuing for loop from the next iteration.</msg>
<status status="PASS" starttime="20231101 11:17:27.946" endtime="20231101 11:17:27.962"/>
</kw>
<kw name="Write To Cell" library="ExcellentLibrary">
<arg>A${row_count}</arg>
<arg>${e_dict['name']}</arg>
<doc>Writes a value to the supplied cell.</doc>
<status status="NOT RUN" starttime="20231101 11:17:27.962" endtime="20231101 11:17:27.962"/>
</kw>
<kw name="Write To Cell" library="ExcellentLibrary">
<arg>C${row_count}</arg>
<arg>${e_dict['age']}</arg>
<doc>Writes a value to the supplied cell.</doc>
<status status="NOT RUN" starttime="20231101 11:17:27.962" endtime="20231101 11:17:27.962"/>
</kw>
<kw name="Write To Cell" library="ExcellentLibrary">
<arg>D${row_count}</arg>
<arg>${a_dict['age']}</arg>
<doc>Writes a value to the supplied cell.</doc>
<status status="NOT RUN" starttime="20231101 11:17:27.962" endtime="20231101 11:17:27.962"/>
</kw>
<if>
<branch type="IF" condition="&quot;${a_dict['age']}&quot;==&quot;${e_dict['age']}&quot;">
<kw name="Write To Cell" library="ExcellentLibrary">
<arg>E${row_count}</arg>
<arg>PASS</arg>
<doc>Writes a value to the supplied cell.</doc>
<status status="NOT RUN" starttime="20231101 11:17:27.962" endtime="20231101 11:17:27.962"/>
</kw>
<status status="NOT RUN" starttime="20231101 11:17:27.962" endtime="20231101 11:17:27.962"/>
</branch>
<branch type="ELSE">
<kw name="Write To Cell" library="ExcellentLibrary">
<arg>E${row_count}</arg>
<arg>FAIL</arg>
<doc>Writes a value to the supplied cell.</doc>
<status status="NOT RUN" starttime="20231101 11:17:27.962" endtime="20231101 11:17:27.962"/>
</kw>
<status status="NOT RUN" starttime="20231101 11:17:27.962" endtime="20231101 11:17:27.962"/>
</branch>
<status status="NOT RUN" starttime="20231101 11:17:27.962" endtime="20231101 11:17:27.962"/>
</if>
<kw name="Write To Cell" library="ExcellentLibrary">
<arg>G${row_count}</arg>
<arg>${e_dict['gender']}</arg>
<doc>Writes a value to the supplied cell.</doc>
<status status="NOT RUN" starttime="20231101 11:17:27.962" endtime="20231101 11:17:27.962"/>
</kw>
<kw name="Write To Cell" library="ExcellentLibrary">
<arg>H${row_count}</arg>
<arg>${a_dict['gender']}</arg>
<doc>Writes a value to the supplied cell.</doc>
<status status="NOT RUN" starttime="20231101 11:17:27.962" endtime="20231101 11:17:27.962"/>
</kw>
<if>
<branch type="IF" condition="&quot;${a_dict['gender']}&quot;==&quot;${e_dict['gender']}&quot;">
<kw name="Write To Cell" library="ExcellentLibrary">
<arg>I${row_count}</arg>
<arg>PASS</arg>
<doc>Writes a value to the supplied cell.</doc>
<status status="NOT RUN" starttime="20231101 11:17:27.962" endtime="20231101 11:17:27.962"/>
</kw>
<status status="NOT RUN" starttime="20231101 11:17:27.962" endtime="20231101 11:17:27.962"/>
</branch>
<branch type="ELSE">
<kw name="Write To Cell" library="ExcellentLibrary">
<arg>I${row_count}</arg>
<arg>FAIL</arg>
<doc>Writes a value to the supplied cell.</doc>
<status status="NOT RUN" starttime="20231101 11:17:27.962" endtime="20231101 11:17:27.962"/>
</kw>
<status status="NOT RUN" starttime="20231101 11:17:27.962" endtime="20231101 11:17:27.962"/>
</branch>
<status status="NOT RUN" starttime="20231101 11:17:27.962" endtime="20231101 11:17:27.962"/>
</if>
<kw name="Evaluate" library="BuiltIn">
<var>${row_count}</var>
<arg>${row_count}+1</arg>
<doc>Evaluates the given expression in Python and returns the result.</doc>
<status status="NOT RUN" starttime="20231101 11:17:27.962" endtime="20231101 11:17:27.962"/>
</kw>
<kw name="Save" library="ExcellentLibrary">
<doc>Saves the changes to the currently active workbook.</doc>
<status status="NOT RUN" starttime="20231101 11:17:27.962" endtime="20231101 11:17:27.962"/>
</kw>
<status status="PASS" starttime="20231101 11:17:27.946" endtime="20231101 11:17:27.962"/>
</iter>
<iter>
<var name="${a_dict}">{'name': 'Tom', 'age': '45', 'gender': 'male'}</var>
<kw name="Continue For Loop If" library="BuiltIn">
<arg>"${e_dict['name']}"!="${a_dict['name']}"</arg>
<doc>Skips the current FOR loop iteration if the ``condition`` is true.</doc>
<msg timestamp="20231101 11:17:27.962" level="INFO">Continuing for loop from the next iteration.</msg>
<status status="PASS" starttime="20231101 11:17:27.962" endtime="20231101 11:17:27.962"/>
</kw>
<kw name="Write To Cell" library="ExcellentLibrary">
<arg>A${row_count}</arg>
<arg>${e_dict['name']}</arg>
<doc>Writes a value to the supplied cell.</doc>
<status status="NOT RUN" starttime="20231101 11:17:27.962" endtime="20231101 11:17:27.962"/>
</kw>
<kw name="Write To Cell" library="ExcellentLibrary">
<arg>C${row_count}</arg>
<arg>${e_dict['age']}</arg>
<doc>Writes a value to the supplied cell.</doc>
<status status="NOT RUN" starttime="20231101 11:17:27.962" endtime="20231101 11:17:27.962"/>
</kw>
<kw name="Write To Cell" library="ExcellentLibrary">
<arg>D${row_count}</arg>
<arg>${a_dict['age']}</arg>
<doc>Writes a value to the supplied cell.</doc>
<status status="NOT RUN" starttime="20231101 11:17:27.962" endtime="20231101 11:17:27.962"/>
</kw>
<if>
<branch type="IF" condition="&quot;${a_dict['age']}&quot;==&quot;${e_dict['age']}&quot;">
<kw name="Write To Cell" library="ExcellentLibrary">
<arg>E${row_count}</arg>
<arg>PASS</arg>
<doc>Writes a value to the supplied cell.</doc>
<status status="NOT RUN" starttime="20231101 11:17:27.962" endtime="20231101 11:17:27.962"/>
</kw>
<status status="NOT RUN" starttime="20231101 11:17:27.962" endtime="20231101 11:17:27.962"/>
</branch>
<branch type="ELSE">
<kw name="Write To Cell" library="ExcellentLibrary">
<arg>E${row_count}</arg>
<arg>FAIL</arg>
<doc>Writes a value to the supplied cell.</doc>
<status status="NOT RUN" starttime="20231101 11:17:27.962" endtime="20231101 11:17:27.962"/>
</kw>
<status status="NOT RUN" starttime="20231101 11:17:27.962" endtime="20231101 11:17:27.962"/>
</branch>
<status status="NOT RUN" starttime="20231101 11:17:27.962" endtime="20231101 11:17:27.962"/>
</if>
<kw name="Write To Cell" library="ExcellentLibrary">
<arg>G${row_count}</arg>
<arg>${e_dict['gender']}</arg>
<doc>Writes a value to the supplied cell.</doc>
<status status="NOT RUN" starttime="20231101 11:17:27.962" endtime="20231101 11:17:27.962"/>
</kw>
<kw name="Write To Cell" library="ExcellentLibrary">
<arg>H${row_count}</arg>
<arg>${a_dict['gender']}</arg>
<doc>Writes a value to the supplied cell.</doc>
<status status="NOT RUN" starttime="20231101 11:17:27.962" endtime="20231101 11:17:27.962"/>
</kw>
<if>
<branch type="IF" condition="&quot;${a_dict['gender']}&quot;==&quot;${e_dict['gender']}&quot;">
<kw name="Write To Cell" library="ExcellentLibrary">
<arg>I${row_count}</arg>
<arg>PASS</arg>
<doc>Writes a value to the supplied cell.</doc>
<status status="NOT RUN" starttime="20231101 11:17:27.962" endtime="20231101 11:17:27.962"/>
</kw>
<status status="NOT RUN" starttime="20231101 11:17:27.962" endtime="20231101 11:17:27.962"/>
</branch>
<branch type="ELSE">
<kw name="Write To Cell" library="ExcellentLibrary">
<arg>I${row_count}</arg>
<arg>FAIL</arg>
<doc>Writes a value to the supplied cell.</doc>
<status status="NOT RUN" starttime="20231101 11:17:27.962" endtime="20231101 11:17:27.962"/>
</kw>
<status status="NOT RUN" starttime="20231101 11:17:27.962" endtime="20231101 11:17:27.962"/>
</branch>
<status status="NOT RUN" starttime="20231101 11:17:27.962" endtime="20231101 11:17:27.962"/>
</if>
<kw name="Evaluate" library="BuiltIn">
<var>${row_count}</var>
<arg>${row_count}+1</arg>
<doc>Evaluates the given expression in Python and returns the result.</doc>
<status status="NOT RUN" starttime="20231101 11:17:27.962" endtime="20231101 11:17:27.962"/>
</kw>
<kw name="Save" library="ExcellentLibrary">
<doc>Saves the changes to the currently active workbook.</doc>
<status status="NOT RUN" starttime="20231101 11:17:27.962" endtime="20231101 11:17:27.962"/>
</kw>
<status status="PASS" starttime="20231101 11:17:27.962" endtime="20231101 11:17:27.962"/>
</iter>
<iter>
<var name="${a_dict}">{'name': 'Phil', 'age': '49', 'gender': 'male'}</var>
<kw name="Continue For Loop If" library="BuiltIn">
<arg>"${e_dict['name']}"!="${a_dict['name']}"</arg>
<doc>Skips the current FOR loop iteration if the ``condition`` is true.</doc>
<status status="PASS" starttime="20231101 11:17:27.962" endtime="20231101 11:17:27.962"/>
</kw>
<kw name="Write To Cell" library="ExcellentLibrary">
<arg>A${row_count}</arg>
<arg>${e_dict['name']}</arg>
<doc>Writes a value to the supplied cell.</doc>
<status status="PASS" starttime="20231101 11:17:27.962" endtime="20231101 11:17:27.962"/>
</kw>
<kw name="Write To Cell" library="ExcellentLibrary">
<arg>C${row_count}</arg>
<arg>${e_dict['age']}</arg>
<doc>Writes a value to the supplied cell.</doc>
<status status="PASS" starttime="20231101 11:17:27.962" endtime="20231101 11:17:27.962"/>
</kw>
<kw name="Write To Cell" library="ExcellentLibrary">
<arg>D${row_count}</arg>
<arg>${a_dict['age']}</arg>
<doc>Writes a value to the supplied cell.</doc>
<status status="PASS" starttime="20231101 11:17:27.962" endtime="20231101 11:17:27.962"/>
</kw>
<if>
<branch type="IF" condition="&quot;${a_dict['age']}&quot;==&quot;${e_dict['age']}&quot;">
<kw name="Write To Cell" library="ExcellentLibrary">
<arg>E${row_count}</arg>
<arg>PASS</arg>
<doc>Writes a value to the supplied cell.</doc>
<status status="PASS" starttime="20231101 11:17:27.962" endtime="20231101 11:17:27.962"/>
</kw>
<status status="PASS" starttime="20231101 11:17:27.962" endtime="20231101 11:17:27.962"/>
</branch>
<branch type="ELSE">
<kw name="Write To Cell" library="ExcellentLibrary">
<arg>E${row_count}</arg>
<arg>FAIL</arg>
<doc>Writes a value to the supplied cell.</doc>
<status status="NOT RUN" starttime="20231101 11:17:27.962" endtime="20231101 11:17:27.962"/>
</kw>
<status status="NOT RUN" starttime="20231101 11:17:27.962" endtime="20231101 11:17:27.962"/>
</branch>
<status status="PASS" starttime="20231101 11:17:27.962" endtime="20231101 11:17:27.962"/>
</if>
<kw name="Write To Cell" library="ExcellentLibrary">
<arg>G${row_count}</arg>
<arg>${e_dict['gender']}</arg>
<doc>Writes a value to the supplied cell.</doc>
<status status="PASS" starttime="20231101 11:17:27.962" endtime="20231101 11:17:27.962"/>
</kw>
<kw name="Write To Cell" library="ExcellentLibrary">
<arg>H${row_count}</arg>
<arg>${a_dict['gender']}</arg>
<doc>Writes a value to the supplied cell.</doc>
<status status="PASS" starttime="20231101 11:17:27.962" endtime="20231101 11:17:27.962"/>
</kw>
<if>
<branch type="IF" condition="&quot;${a_dict['gender']}&quot;==&quot;${e_dict['gender']}&quot;">
<kw name="Write To Cell" library="ExcellentLibrary">
<arg>I${row_count}</arg>
<arg>PASS</arg>
<doc>Writes a value to the supplied cell.</doc>
<status status="PASS" starttime="20231101 11:17:27.962" endtime="20231101 11:17:27.962"/>
</kw>
<status status="PASS" starttime="20231101 11:17:27.962" endtime="20231101 11:17:27.962"/>
</branch>
<branch type="ELSE">
<kw name="Write To Cell" library="ExcellentLibrary">
<arg>I${row_count}</arg>
<arg>FAIL</arg>
<doc>Writes a value to the supplied cell.</doc>
<status status="NOT RUN" starttime="20231101 11:17:27.962" endtime="20231101 11:17:27.962"/>
</kw>
<status status="NOT RUN" starttime="20231101 11:17:27.962" endtime="20231101 11:17:27.962"/>
</branch>
<status status="PASS" starttime="20231101 11:17:27.962" endtime="20231101 11:17:27.962"/>
</if>
<kw name="Evaluate" library="BuiltIn">
<var>${row_count}</var>
<arg>${row_count}+1</arg>
<doc>Evaluates the given expression in Python and returns the result.</doc>
<msg timestamp="20231101 11:17:27.962" level="INFO">${row_count} = 8</msg>
<status status="PASS" starttime="20231101 11:17:27.962" endtime="20231101 11:17:27.962"/>
</kw>
<kw name="Save" library="ExcellentLibrary">
<doc>Saves the changes to the currently active workbook.</doc>
<status status="PASS" starttime="20231101 11:17:27.962" endtime="20231101 11:17:27.978"/>
</kw>
<status status="PASS" starttime="20231101 11:17:27.962" endtime="20231101 11:17:27.978"/>
</iter>
<status status="PASS" starttime="20231101 11:17:27.946" endtime="20231101 11:17:27.978"/>
</for>
<status status="PASS" starttime="20231101 11:17:27.946" endtime="20231101 11:17:27.978"/>
</iter>
<status status="PASS" starttime="20231101 11:17:27.728" endtime="20231101 11:17:27.978"/>
</for>
<kw name="Log" library="BuiltIn">
<arg>${result}</arg>
<arg>WARN</arg>
<doc>Logs the given message with the given level.</doc>
<msg timestamp="20231101 11:17:27.978" level="WARN"/>
<status status="PASS" starttime="20231101 11:17:27.978" endtime="20231101 11:17:27.978"/>
</kw>
<status status="PASS" starttime="20231101 11:17:27.712" endtime="20231101 11:17:27.978"/>
</kw>
<status status="PASS" starttime="20231101 11:17:24.687" endtime="20231101 11:17:27.978"/>
</test>
<status status="PASS" starttime="20231101 11:17:23.984" endtime="20231101 11:17:27.993"/>
</suite>
<statistics>
<total>
<stat pass="1" fail="0" skip="0">All Tests</stat>
</total>
<tag>
</tag>
<suite>
<stat pass="1" fail="0" skip="0" id="s1" name="Assignment">Assignment</stat>
</suite>
</statistics>
<errors>
<msg timestamp="20231101 11:17:27.712" level="WARN">[{'name': 'Bob', 'age': 20, 'gender': 'male'}, {'name': 'George', 'age': 42, 'gender': 'male'}, {'name': 'Sandra', 'age': 43, 'gender': 'female'}, {'name': 'Barbara', 'age': 21, 'gender': 'female'}, {'name': 'Tom', 'age': 45, 'gender': 'male'}, {'name': 'Phil', 'age': 49, 'gender': 'male'}]</msg>
<msg timestamp="20231101 11:17:27.712" level="WARN">[{'name': 'Bob', 'age': '20', 'gender': 'male'}, {'name': 'George', 'age': '42', 'gender': 'male'}, {'name': 'Sandra', 'age': '43', 'gender': 'female'}, {'name': 'Barbara', 'age': '21', 'gender': 'female'}, {'name': 'Tom', 'age': '45', 'gender': 'male'}, {'name': 'Phil', 'age': '49', 'gender': 'male'}]</msg>
<msg timestamp="20231101 11:17:27.978" level="WARN"/>
</errors>
</robot>
